[ 2016-12-03T10:16:03+08:00 ] ::1 /blog/
INFO: [ app_init ] --START--
INFO: Run Behavior\BuildLiteBehavior [ RunTime:0.000015s ]
INFO: [ app_init ] --END-- [ RunTime:0.010190s ]
INFO: [ app_begin ] --START--
INFO: Run Behavior\ReadHtmlCacheBehavior [ RunTime:0.012910s ]
INFO: [ app_begin ] --END-- [ RunTime:0.012979s ]
INFO: [ view_parse ] --START--
INFO: [ template_filter ] --START--
INFO: Run Behavior\ContentReplaceBehavior [ RunTime:0.000198s ]
INFO: [ template_filter ] --END-- [ RunTime:0.000244s ]
INFO: Run Behavior\ParseTemplateBehavior [ RunTime:0.203055s ]
INFO: [ view_parse ] --END-- [ RunTime:0.203107s ]
INFO: [ view_filter ] --START--
INFO: Run Behavior\WriteHtmlCacheBehavior [ RunTime:0.008298s ]
INFO: [ view_filter ] --END-- [ RunTime:0.008346s ]
INFO: [ app_end ] --START--
INFO: Run Behavior\ShowPageTraceBehavior [ RunTime:0.025613s ]
INFO: [ app_end ] --END-- [ RunTime:0.025729s ]

[ 2016-12-03T10:16:04+08:00 ] ::1 /blog/index.php/Index/verify.html
INFO: [ app_init ] --START--
INFO: Run Behavior\BuildLiteBehavior [ RunTime:0.000010s ]
INFO: [ app_init ] --END-- [ RunTime:0.000248s ]
INFO: [ app_begin ] --START--
INFO: Run Behavior\ReadHtmlCacheBehavior [ RunTime:0.000343s ]
INFO: [ app_begin ] --END-- [ RunTime:0.000391s ]
INFO: [ app_end ] --START--
INFO: Run Behavior\ShowPageTraceBehavior [ RunTime:0.000631s ]
INFO: [ app_end ] --END-- [ RunTime:0.000717s ]

[ 2016-12-03T10:17:33+08:00 ] ::1 /blog/Home/User/login
INFO: [ app_init ] --START--
INFO: Run Behavior\BuildLiteBehavior [ RunTime:0.000019s ]
INFO: [ app_init ] --END-- [ RunTime:0.000508s ]
INFO: [ app_begin ] --START--
INFO: Run Behavior\ReadHtmlCacheBehavior [ RunTime:0.000373s ]
INFO: [ app_begin ] --END-- [ RunTime:0.000419s ]
SQL: DESCRIBE blog_user [ RunTime:0.020428s ]
INFO: [ app_end ] --START--
INFO: Run Behavior\ShowPageTraceBehavior [ RunTime:0.000395s ]
INFO: [ app_end ] --END-- [ RunTime:0.000436s ]

[ 2016-12-03T10:17:36+08:00 ] ::1 /blog/
INFO: [ app_init ] --START--
INFO: Run Behavior\BuildLiteBehavior [ RunTime:0.000009s ]
INFO: [ app_init ] --END-- [ RunTime:0.000234s ]
INFO: [ app_begin ] --START--
INFO: Run Behavior\ReadHtmlCacheBehavior [ RunTime:0.000291s ]
INFO: [ app_begin ] --END-- [ RunTime:0.000337s ]
INFO: [ view_parse ] --START--
INFO: [ template_filter ] --START--
INFO: Run Behavior\ContentReplaceBehavior [ RunTime:0.000156s ]
INFO: [ template_filter ] --END-- [ RunTime:0.000194s ]
INFO: Run Behavior\ParseTemplateBehavior [ RunTime:0.049413s ]
INFO: [ view_parse ] --END-- [ RunTime:0.049460s ]
INFO: [ view_filter ] --START--
INFO: Run Behavior\WriteHtmlCacheBehavior [ RunTime:0.000219s ]
INFO: [ view_filter ] --END-- [ RunTime:0.000247s ]
INFO: [ app_end ] --START--
INFO: Run Behavior\ShowPageTraceBehavior [ RunTime:0.000599s ]
INFO: [ app_end ] --END-- [ RunTime:0.000684s ]

[ 2016-12-03T10:17:36+08:00 ] ::1 /blog/index.php/Index/verify.html
INFO: [ app_init ] --START--
INFO: Run Behavior\BuildLiteBehavior [ RunTime:0.000011s ]
INFO: [ app_init ] --END-- [ RunTime:0.000247s ]
INFO: [ app_begin ] --START--
INFO: Run Behavior\ReadHtmlCacheBehavior [ RunTime:0.000306s ]
INFO: [ app_begin ] --END-- [ RunTime:0.000360s ]
INFO: [ app_end ] --START--
INFO: Run Behavior\ShowPageTraceBehavior [ RunTime:0.000966s ]
INFO: [ app_end ] --END-- [ RunTime:0.001134s ]

[ 2016-12-03T10:17:52+08:00 ] ::1 /blog/Home/User/login
INFO: [ app_init ] --START--
INFO: Run Behavior\BuildLiteBehavior [ RunTime:0.000012s ]
INFO: [ app_init ] --END-- [ RunTime:0.000273s ]
INFO: [ app_begin ] --START--
INFO: Run Behavior\ReadHtmlCacheBehavior [ RunTime:0.000433s ]
INFO: [ app_begin ] --END-- [ RunTime:0.000498s ]
SQL: DESCRIBE blog_user [ RunTime:0.013419s ]
SQL: SELECT `id`,`email`,`password`,`face` FROM `blog_user` WHERE ( `email` = 'lufei@163.com' ) LIMIT 1   [ RunTime:0.000252s ]
SQL: UPDATE `blog_user` SET `last_login`=1480731472,`last_ip`=0 WHERE ( `id` = '2' ) [ RunTime:0.080726s ]
INFO: [ app_end ] --START--
INFO: Run Behavior\ShowPageTraceBehavior [ RunTime:0.000439s ]
INFO: [ app_end ] --END-- [ RunTime:0.000473s ]

[ 2016-12-03T10:17:59+08:00 ] ::1 /blog/index.php/User/index.html
INFO: [ app_init ] --START--
INFO: Run Behavior\BuildLiteBehavior [ RunTime:0.000010s ]
INFO: [ app_init ] --END-- [ RunTime:0.000237s ]
INFO: [ app_begin ] --START--
INFO: Run Behavior\ReadHtmlCacheBehavior [ RunTime:0.000332s ]
INFO: [ app_begin ] --END-- [ RunTime:0.000377s ]
SQL: DESCRIBE blog_user [ RunTime:0.017948s ]
SQL: SELECT `id` FROM `blog_user` WHERE ( `email` = 'lufei@163.com' ) LIMIT 1   [ RunTime:0.000279s ]
SQL: SELECT `id` FROM `blog_user` WHERE ( `email` = 'lufei@163.com' ) LIMIT 1   [ RunTime:0.000532s ]
SQL: DESCRIBE blog_user [ RunTime:0.005064s ]
SQL: SELECT `create`,`last_login`,`last_ip` FROM `blog_user` WHERE ( `id` = 2 )  [ RunTime:0.000313s ]
SQL: SELECT `id` FROM `blog_user` WHERE ( `email` = 'lufei@163.com' ) LIMIT 1   [ RunTime:0.000208s ]
SQL: SELECT `id` FROM `blog_user` WHERE ( `email` = 'lufei@163.com' ) LIMIT 1   [ RunTime:0.000180s ]
SQL: DESCRIBE blog_user [ RunTime:0.005149s ]
SQL: SELECT `username`,`sex`,`nickname`,`team`,`location`,`organ` FROM `blog_user` WHERE ( `id` = 2 )  [ RunTime:0.000278s ]
NOTIC: [8] Undefined index: create G:\php\www\blog\Application\Home\Model\UserModel.class.php 第 185 行.
NOTIC: [8] Undefined index: last_login G:\php\www\blog\Application\Home\Model\UserModel.class.php 第 186 行.
SQL: SELECT `id` FROM `blog_user` WHERE ( `email` = 'lufei@163.com' ) LIMIT 1   [ RunTime:0.000219s ]
SQL: SELECT `id` FROM `blog_user` WHERE ( `email` = 'lufei@163.com' ) LIMIT 1   [ RunTime:0.000178s ]
SQL: SELECT `id`,`username` FROM `blog_user` WHERE ( `id` = 2 ) LIMIT 1   [ RunTime:0.000177s ]
SQL: DESCRIBE blog_experience [ RunTime:0.010163s ]
SQL: SELECT `title`,`id` FROM `blog_experience` WHERE ( 1=1 AND uid='2' )  [ RunTime:0.000401s ]
SQL: DESCRIBE blog_ability [ RunTime:0.010125s ]
SQL: SELECT `id`,`fruit` FROM `blog_ability` WHERE ( 1=1 AND uid='2' ) LIMIT 1   [ RunTime:0.000289s ]
SQL: DESCRIBE blog_skill [ RunTime:0.010229s ]
SQL: SELECT `skill`,`uid` FROM `blog_skill` WHERE ( 1=1 AND uid='2' )  [ RunTime:0.000290s ]
SQL: UPDATE `blog_skill` SET `aid`='3' WHERE ( `uid` = 2 ) [ RunTime:0.074860s ]
INFO: [ view_parse ] --START--
INFO: [ template_filter ] --START--
INFO: Run Behavior\ContentReplaceBehavior [ RunTime:0.000172s ]
INFO: [ template_filter ] --END-- [ RunTime:0.000222s ]
INFO: Run Behavior\ParseTemplateBehavior [ RunTime:0.132661s ]
INFO: [ view_parse ] --END-- [ RunTime:0.132735s ]
INFO: [ view_filter ] --START--
INFO: Run Behavior\WriteHtmlCacheBehavior [ RunTime:0.000158s ]
INFO: [ view_filter ] --END-- [ RunTime:0.000184s ]
INFO: [ app_end ] --START--
INFO: Run Behavior\ShowPageTraceBehavior [ RunTime:0.000604s ]
INFO: [ app_end ] --END-- [ RunTime:0.000693s ]

[ 2016-12-03T10:18:02+08:00 ] ::1 /blog/index.php/Experience/index.html
INFO: [ app_init ] --START--
INFO: Run Behavior\BuildLiteBehavior [ RunTime:0.000011s ]
INFO: [ app_init ] --END-- [ RunTime:0.000257s ]
INFO: [ app_begin ] --START--
INFO: Run Behavior\ReadHtmlCacheBehavior [ RunTime:0.000360s ]
INFO: [ app_begin ] --END-- [ RunTime:0.000417s ]
SQL: DESCRIBE blog_user [ RunTime:0.011965s ]
SQL: SELECT `id` FROM `blog_user` WHERE ( `email` = 'lufei@163.com' ) LIMIT 1   [ RunTime:0.000297s ]
SQL: SELECT `id` FROM `blog_user` WHERE ( `email` = 'lufei@163.com' ) LIMIT 1   [ RunTime:0.000174s ]
SQL: DESCRIBE blog_experience [ RunTime:0.008630s ]
SQL: SELECT `title`,`content` FROM `blog_experience` WHERE ( `uid` = 2 )  [ RunTime:0.000460s ]
NOTIC: [8] Undefined index: content G:\php\www\blog\Application\Home\Model\ExperienceModel.class.php 第 17 行.
INFO: [ view_parse ] --START--
INFO: [ template_filter ] --START--
INFO: Run Behavior\ContentReplaceBehavior [ RunTime:0.000122s ]
INFO: [ template_filter ] --END-- [ RunTime:0.000185s ]
NOTIC: [8] Undefined index: id G:\php\www\blog\Runtime\Cache\Home\54fd77cd9eb8cdcf3bbb178d2a793fac.php 第 110 行.
NOTIC: [8] Undefined index: id G:\php\www\blog\Runtime\Cache\Home\54fd77cd9eb8cdcf3bbb178d2a793fac.php 第 110 行.
NOTIC: [8] Undefined index: id G:\php\www\blog\Runtime\Cache\Home\54fd77cd9eb8cdcf3bbb178d2a793fac.php 第 110 行.
NOTIC: [8] Undefined index: id G:\php\www\blog\Runtime\Cache\Home\54fd77cd9eb8cdcf3bbb178d2a793fac.php 第 110 行.
NOTIC: [8] Undefined index: id G:\php\www\blog\Runtime\Cache\Home\54fd77cd9eb8cdcf3bbb178d2a793fac.php 第 110 行.
NOTIC: [8] Undefined index: id G:\php\www\blog\Runtime\Cache\Home\54fd77cd9eb8cdcf3bbb178d2a793fac.php 第 110 行.
NOTIC: [8] Undefined index: id G:\php\www\blog\Runtime\Cache\Home\54fd77cd9eb8cdcf3bbb178d2a793fac.php 第 110 行.
NOTIC: [8] Undefined index: id G:\php\www\blog\Runtime\Cache\Home\54fd77cd9eb8cdcf3bbb178d2a793fac.php 第 110 行.
NOTIC: [8] Undefined index: id G:\php\www\blog\Runtime\Cache\Home\54fd77cd9eb8cdcf3bbb178d2a793fac.php 第 110 行.
NOTIC: [8] Undefined index: id G:\php\www\blog\Runtime\Cache\Home\54fd77cd9eb8cdcf3bbb178d2a793fac.php 第 110 行.
NOTIC: [8] Undefined index: id G:\php\www\blog\Runtime\Cache\Home\54fd77cd9eb8cdcf3bbb178d2a793fac.php 第 110 行.
NOTIC: [8] Undefined index: id G:\php\www\blog\Runtime\Cache\Home\54fd77cd9eb8cdcf3bbb178d2a793fac.php 第 110 行.
NOTIC: [8] Undefined index: id G:\php\www\blog\Runtime\Cache\Home\54fd77cd9eb8cdcf3bbb178d2a793fac.php 第 110 行.
NOTIC: [8] Undefined index: id G:\php\www\blog\Runtime\Cache\Home\54fd77cd9eb8cdcf3bbb178d2a793fac.php 第 110 行.
NOTIC: [2] Illegal string offset 'id' G:\php\www\blog\Runtime\Cache\Home\54fd77cd9eb8cdcf3bbb178d2a793fac.php 第 110 行.
NOTIC: [8] Uninitialized string offset: 0 G:\php\www\blog\Runtime\Cache\Home\54fd77cd9eb8cdcf3bbb178d2a793fac.php 第 110 行.
NOTIC: [2] Illegal string offset 'title' G:\php\www\blog\Runtime\Cache\Home\54fd77cd9eb8cdcf3bbb178d2a793fac.php 第 110 行.
NOTIC: [8] Uninitialized string offset: 0 G:\php\www\blog\Runtime\Cache\Home\54fd77cd9eb8cdcf3bbb178d2a793fac.php 第 110 行.
NOTIC: [2] Illegal string offset 'content' G:\php\www\blog\Runtime\Cache\Home\54fd77cd9eb8cdcf3bbb178d2a793fac.php 第 115 行.
NOTIC: [8] Uninitialized string offset: 0 G:\php\www\blog\Runtime\Cache\Home\54fd77cd9eb8cdcf3bbb178d2a793fac.php 第 115 行.
INFO: Run Behavior\ParseTemplateBehavior [ RunTime:0.091832s ]
INFO: [ view_parse ] --END-- [ RunTime:0.091873s ]
INFO: [ view_filter ] --START--
INFO: Run Behavior\WriteHtmlCacheBehavior [ RunTime:0.000158s ]
INFO: [ view_filter ] --END-- [ RunTime:0.000185s ]
INFO: [ app_end ] --START--
INFO: Run Behavior\ShowPageTraceBehavior [ RunTime:0.000374s ]
INFO: [ app_end ] --END-- [ RunTime:0.000459s ]

[ 2016-12-03T10:18:32+08:00 ] ::1 /blog/index.php/User/index/id/2.html
INFO: [ app_init ] --START--
INFO: Run Behavior\BuildLiteBehavior [ RunTime:0.000009s ]
INFO: [ app_init ] --END-- [ RunTime:0.000264s ]
INFO: [ app_begin ] --START--
INFO: Run Behavior\ReadHtmlCacheBehavior [ RunTime:0.000364s ]
INFO: [ app_begin ] --END-- [ RunTime:0.000411s ]
SQL: DESCRIBE blog_user [ RunTime:0.017986s ]
SQL: SELECT `id` FROM `blog_user` WHERE ( `email` = 'lufei@163.com' ) LIMIT 1   [ RunTime:0.000257s ]
SQL: SELECT `id` FROM `blog_user` WHERE ( `email` = 'lufei@163.com' ) LIMIT 1   [ RunTime:0.000232s ]
SQL: DESCRIBE blog_user [ RunTime:0.004944s ]
SQL: SELECT `create`,`last_login`,`last_ip` FROM `blog_user` WHERE ( `id` = 2 )  [ RunTime:0.000258s ]
SQL: SELECT `id` FROM `blog_user` WHERE ( `email` = 'lufei@163.com' ) LIMIT 1   [ RunTime:0.000192s ]
SQL: SELECT `id` FROM `blog_user` WHERE ( `email` = 'lufei@163.com' ) LIMIT 1   [ RunTime:0.000189s ]
SQL: DESCRIBE blog_user [ RunTime:0.005144s ]
SQL: SELECT `username`,`sex`,`nickname`,`team`,`location`,`organ` FROM `blog_user` WHERE ( `id` = 2 )  [ RunTime:0.000338s ]
NOTIC: [8] Undefined index: create G:\php\www\blog\Application\Home\Model\UserModel.class.php 第 185 行.
NOTIC: [8] Undefined index: last_login G:\php\www\blog\Application\Home\Model\UserModel.class.php 第 186 行.
SQL: SELECT `id` FROM `blog_user` WHERE ( `email` = 'lufei@163.com' ) LIMIT 1   [ RunTime:0.000204s ]
SQL: SELECT `id` FROM `blog_user` WHERE ( `email` = 'lufei@163.com' ) LIMIT 1   [ RunTime:0.000198s ]
SQL: SELECT `id`,`username` FROM `blog_user` WHERE ( `id` = 2 ) LIMIT 1   [ RunTime:0.000191s ]
SQL: DESCRIBE blog_experience [ RunTime:0.007511s ]
SQL: SELECT `title`,`id` FROM `blog_experience` WHERE ( 1=1 AND uid='2' )  [ RunTime:0.000302s ]
SQL: DESCRIBE blog_ability [ RunTime:0.007674s ]
SQL: SELECT `id`,`fruit` FROM `blog_ability` WHERE ( 1=1 AND uid='2' ) LIMIT 1   [ RunTime:0.000278s ]
SQL: DESCRIBE blog_skill [ RunTime:0.007444s ]
SQL: SELECT `skill`,`uid` FROM `blog_skill` WHERE ( 1=1 AND uid='2' )  [ RunTime:0.000280s ]
SQL: UPDATE `blog_skill` SET `aid`='3' WHERE ( `uid` = 2 ) [ RunTime:0.237143s ]
INFO: [ view_parse ] --START--
INFO: [ template_filter ] --START--
INFO: Run Behavior\ContentReplaceBehavior [ RunTime:0.000161s ]
INFO: [ template_filter ] --END-- [ RunTime:0.000202s ]
INFO: Run Behavior\ParseTemplateBehavior [ RunTime:0.114859s ]
INFO: [ view_parse ] --END-- [ RunTime:0.114927s ]
INFO: [ view_filter ] --START--
INFO: Run Behavior\WriteHtmlCacheBehavior [ RunTime:0.000270s ]
INFO: [ view_filter ] --END-- [ RunTime:0.000307s ]
INFO: [ app_end ] --START--
INFO: Run Behavior\ShowPageTraceBehavior [ RunTime:0.000732s ]
INFO: [ app_end ] --END-- [ RunTime:0.000810s ]

[ 2016-12-03T10:19:08+08:00 ] ::1 /blog/index.php/User/completeInfo/id/2.html
INFO: [ app_init ] --START--
INFO: Run Behavior\BuildLiteBehavior [ RunTime:0.000011s ]
INFO: [ app_init ] --END-- [ RunTime:0.000271s ]
INFO: [ app_begin ] --START--
INFO: Run Behavior\ReadHtmlCacheBehavior [ RunTime:0.000381s ]
INFO: [ app_begin ] --END-- [ RunTime:0.000438s ]
SQL: DESCRIBE blog_user [ RunTime:0.017673s ]
SQL: SELECT `id` FROM `blog_user` WHERE ( `email` = 'lufei@163.com' ) LIMIT 1   [ RunTime:0.000268s ]
INFO: [ view_parse ] --START--
INFO: [ template_filter ] --START--
INFO: Run Behavior\ContentReplaceBehavior [ RunTime:0.000146s ]
INFO: [ template_filter ] --END-- [ RunTime:0.000189s ]
NOTIC: [8] Undefined variable: info G:\php\www\blog\Runtime\Cache\Home\8da9dc6869c6500baef7f2cd295063e6.php 第 170 行.
INFO: Run Behavior\ParseTemplateBehavior [ RunTime:0.084974s ]
INFO: [ view_parse ] --END-- [ RunTime:0.085018s ]
INFO: [ view_filter ] --START--
INFO: Run Behavior\WriteHtmlCacheBehavior [ RunTime:0.000158s ]
INFO: [ view_filter ] --END-- [ RunTime:0.000186s ]
INFO: [ app_end ] --START--
INFO: Run Behavior\ShowPageTraceBehavior [ RunTime:0.000539s ]
INFO: [ app_end ] --END-- [ RunTime:0.000614s ]

[ 2016-12-03T10:19:28+08:00 ] ::1 /blog/index.php/User/index/id/2.html
INFO: [ app_init ] --START--
INFO: Run Behavior\BuildLiteBehavior [ RunTime:0.000011s ]
INFO: [ app_init ] --END-- [ RunTime:0.000276s ]
INFO: [ app_begin ] --START--
INFO: Run Behavior\ReadHtmlCacheBehavior [ RunTime:0.000419s ]
INFO: [ app_begin ] --END-- [ RunTime:0.000468s ]
SQL: DESCRIBE blog_user [ RunTime:0.016052s ]
SQL: SELECT `id` FROM `blog_user` WHERE ( `email` = 'lufei@163.com' ) LIMIT 1   [ RunTime:0.000255s ]
SQL: SELECT `id` FROM `blog_user` WHERE ( `email` = 'lufei@163.com' ) LIMIT 1   [ RunTime:0.000187s ]
SQL: DESCRIBE blog_user [ RunTime:0.005272s ]
SQL: SELECT `create`,`last_login`,`last_ip` FROM `blog_user` WHERE ( `id` = 2 )  [ RunTime:0.000273s ]
SQL: SELECT `id` FROM `blog_user` WHERE ( `email` = 'lufei@163.com' ) LIMIT 1   [ RunTime:0.000183s ]
SQL: SELECT `id` FROM `blog_user` WHERE ( `email` = 'lufei@163.com' ) LIMIT 1   [ RunTime:0.000164s ]
SQL: DESCRIBE blog_user [ RunTime:0.004234s ]
SQL: SELECT `username`,`sex`,`nickname`,`team`,`location`,`organ` FROM `blog_user` WHERE ( `id` = 2 )  [ RunTime:0.000259s ]
NOTIC: [8] Undefined index: create G:\php\www\blog\Application\Home\Model\UserModel.class.php 第 185 行.
NOTIC: [8] Undefined index: last_login G:\php\www\blog\Application\Home\Model\UserModel.class.php 第 186 行.
SQL: SELECT `id` FROM `blog_user` WHERE ( `email` = 'lufei@163.com' ) LIMIT 1   [ RunTime:0.000173s ]
SQL: SELECT `id` FROM `blog_user` WHERE ( `email` = 'lufei@163.com' ) LIMIT 1   [ RunTime:0.000163s ]
SQL: SELECT `id`,`username` FROM `blog_user` WHERE ( `id` = 2 ) LIMIT 1   [ RunTime:0.000162s ]
SQL: DESCRIBE blog_experience [ RunTime:0.007299s ]
SQL: SELECT `title`,`id` FROM `blog_experience` WHERE ( 1=1 AND uid='2' )  [ RunTime:0.000287s ]
SQL: DESCRIBE blog_ability [ RunTime:0.007211s ]
SQL: SELECT `id`,`fruit` FROM `blog_ability` WHERE ( 1=1 AND uid='2' ) LIMIT 1   [ RunTime:0.000288s ]
SQL: DESCRIBE blog_skill [ RunTime:0.006633s ]
SQL: SELECT `skill`,`uid` FROM `blog_skill` WHERE ( 1=1 AND uid='2' )  [ RunTime:0.000255s ]
SQL: UPDATE `blog_skill` SET `aid`='3' WHERE ( `uid` = 2 ) [ RunTime:0.125034s ]
INFO: [ view_parse ] --START--
INFO: [ template_filter ] --START--
INFO: Run Behavior\ContentReplaceBehavior [ RunTime:0.000160s ]
INFO: [ template_filter ] --END-- [ RunTime:0.000201s ]
INFO: Run Behavior\ParseTemplateBehavior [ RunTime:0.118182s ]
INFO: [ view_parse ] --END-- [ RunTime:0.118253s ]
INFO: [ view_filter ] --START--
INFO: Run Behavior\WriteHtmlCacheBehavior [ RunTime:0.000267s ]
INFO: [ view_filter ] --END-- [ RunTime:0.000294s ]
INFO: [ app_end ] --START--
INFO: Run Behavior\ShowPageTraceBehavior [ RunTime:0.000645s ]
INFO: [ app_end ] --END-- [ RunTime:0.000716s ]

[ 2016-12-03T10:19:30+08:00 ] ::1 /blog/index.php/User/editExperience/id/1.html
INFO: [ app_init ] --START--
INFO: Run Behavior\BuildLiteBehavior [ RunTime:0.000010s ]
INFO: [ app_init ] --END-- [ RunTime:0.000238s ]
INFO: [ app_begin ] --START--
INFO: Run Behavior\ReadHtmlCacheBehavior [ RunTime:0.000358s ]
INFO: [ app_begin ] --END-- [ RunTime:0.000405s ]
SQL: DESCRIBE blog_experience [ RunTime:0.013395s ]
SQL: SELECT `id`,`title`,`content` FROM `blog_experience` WHERE ( `id` = 1 )  [ RunTime:0.000557s ]
INFO: [ view_parse ] --START--
INFO: [ template_filter ] --START--
INFO: Run Behavior\ContentReplaceBehavior [ RunTime:0.000114s ]
INFO: [ template_filter ] --END-- [ RunTime:0.000156s ]
INFO: Run Behavior\ParseTemplateBehavior [ RunTime:0.056489s ]
INFO: [ view_parse ] --END-- [ RunTime:0.056547s ]
INFO: [ view_filter ] --START--
INFO: Run Behavior\WriteHtmlCacheBehavior [ RunTime:0.000195s ]
INFO: [ view_filter ] --END-- [ RunTime:0.000230s ]
INFO: [ app_end ] --START--
INFO: Run Behavior\ShowPageTraceBehavior [ RunTime:0.000641s ]
INFO: [ app_end ] --END-- [ RunTime:0.000730s ]

[ 2016-12-03T11:23:59+08:00 ] ::1 /blog/index.php/Index/index.html
INFO: [ app_init ] --START--
INFO: Run Behavior\BuildLiteBehavior [ RunTime:0.000010s ]
INFO: [ app_init ] --END-- [ RunTime:0.000308s ]
INFO: [ app_begin ] --START--
INFO: Run Behavior\ReadHtmlCacheBehavior [ RunTime:0.000368s ]
INFO: [ app_begin ] --END-- [ RunTime:0.000416s ]
INFO: [ view_parse ] --START--
INFO: [ template_filter ] --START--
INFO: Run Behavior\ContentReplaceBehavior [ RunTime:0.000182s ]
INFO: [ template_filter ] --END-- [ RunTime:0.000223s ]
INFO: Run Behavior\ParseTemplateBehavior [ RunTime:0.051293s ]
INFO: [ view_parse ] --END-- [ RunTime:0.051350s ]
INFO: [ view_filter ] --START--
INFO: Run Behavior\WriteHtmlCacheBehavior [ RunTime:0.000263s ]
INFO: [ view_filter ] --END-- [ RunTime:0.000292s ]
INFO: [ app_end ] --START--
INFO: Run Behavior\ShowPageTraceBehavior [ RunTime:0.001016s ]
INFO: [ app_end ] --END-- [ RunTime:0.001150s ]

[ 2016-12-03T11:23:59+08:00 ] ::1 /blog/index.php/Index/verify.html
INFO: [ app_init ] --START--
INFO: Run Behavior\BuildLiteBehavior [ RunTime:0.000017s ]
INFO: [ app_init ] --END-- [ RunTime:0.000405s ]
INFO: [ app_begin ] --START--
INFO: Run Behavior\ReadHtmlCacheBehavior [ RunTime:0.000422s ]
INFO: [ app_begin ] --END-- [ RunTime:0.000489s ]
INFO: [ app_end ] --START--
INFO: Run Behavior\ShowPageTraceBehavior [ RunTime:0.000589s ]
INFO: [ app_end ] --END-- [ RunTime:0.000671s ]

[ 2016-12-03T19:39:13+08:00 ] ::1 /blog/
INFO: [ app_init ] --START--
INFO: Run Behavior\BuildLiteBehavior [ RunTime:0.000014s ]
INFO: [ app_init ] --END-- [ RunTime:0.009951s ]
INFO: [ app_begin ] --START--
INFO: Run Behavior\ReadHtmlCacheBehavior [ RunTime:0.012152s ]
INFO: [ app_begin ] --END-- [ RunTime:0.012221s ]
INFO: [ view_parse ] --START--
INFO: [ template_filter ] --START--
INFO: Run Behavior\ContentReplaceBehavior [ RunTime:0.000152s ]
INFO: [ template_filter ] --END-- [ RunTime:0.000196s ]
INFO: Run Behavior\ParseTemplateBehavior [ RunTime:0.164228s ]
INFO: [ view_parse ] --END-- [ RunTime:0.164288s ]
INFO: [ view_filter ] --START--
INFO: Run Behavior\WriteHtmlCacheBehavior [ RunTime:0.008177s ]
INFO: [ view_filter ] --END-- [ RunTime:0.008219s ]
INFO: [ app_end ] --START--
INFO: Run Behavior\ShowPageTraceBehavior [ RunTime:0.007439s ]
INFO: [ app_end ] --END-- [ RunTime:0.007492s ]

