[ 2016-11-16T20:14:26+08:00 ] ::1 /blog/
INFO: [ app_init ] --START--
INFO: Run Behavior\BuildLiteBehavior [ RunTime:0.000014s ]
INFO: [ app_init ] --END-- [ RunTime:0.008946s ]
INFO: [ app_begin ] --START--
INFO: Run Behavior\ReadHtmlCacheBehavior [ RunTime:0.023215s ]
INFO: [ app_begin ] --END-- [ RunTime:0.023316s ]
INFO: [ view_parse ] --START--
INFO: [ template_filter ] --START--
INFO: Run Behavior\ContentReplaceBehavior [ RunTime:0.000164s ]
INFO: [ template_filter ] --END-- [ RunTime:0.000208s ]
INFO: Run Behavior\ParseTemplateBehavior [ RunTime:0.331720s ]
INFO: [ view_parse ] --END-- [ RunTime:0.331774s ]
INFO: [ view_filter ] --START--
INFO: Run Behavior\WriteHtmlCacheBehavior [ RunTime:0.007366s ]
INFO: [ view_filter ] --END-- [ RunTime:0.007410s ]
INFO: [ app_end ] --START--
INFO: Run Behavior\ShowPageTraceBehavior [ RunTime:0.018403s ]
INFO: [ app_end ] --END-- [ RunTime:0.018482s ]

[ 2016-11-16T20:14:28+08:00 ] ::1 /blog/index.php/Index/verify.html
INFO: [ app_init ] --START--
INFO: Run Behavior\BuildLiteBehavior [ RunTime:0.000010s ]
INFO: [ app_init ] --END-- [ RunTime:0.000264s ]
INFO: [ app_begin ] --START--
INFO: Run Behavior\ReadHtmlCacheBehavior [ RunTime:0.000349s ]
INFO: [ app_begin ] --END-- [ RunTime:0.000394s ]
INFO: [ app_end ] --START--
INFO: Run Behavior\ShowPageTraceBehavior [ RunTime:0.000413s ]
INFO: [ app_end ] --END-- [ RunTime:0.000474s ]

[ 2016-11-16T20:54:41+08:00 ] ::1 /blog/index.php/User/index.html
INFO: [ app_init ] --START--
INFO: Run Behavior\BuildLiteBehavior [ RunTime:0.000014s ]
INFO: [ app_init ] --END-- [ RunTime:0.008517s ]
INFO: [ app_begin ] --START--
INFO: Run Behavior\ReadHtmlCacheBehavior [ RunTime:0.010110s ]
INFO: [ app_begin ] --END-- [ RunTime:0.010181s ]

[ 2016-11-16T20:54:41+08:00 ] ::1 /blog/index.php/Index/index.html
INFO: [ app_init ] --START--
INFO: Run Behavior\BuildLiteBehavior [ RunTime:0.000010s ]
INFO: [ app_init ] --END-- [ RunTime:0.000234s ]
INFO: [ app_begin ] --START--
INFO: Run Behavior\ReadHtmlCacheBehavior [ RunTime:0.000295s ]
INFO: [ app_begin ] --END-- [ RunTime:0.000335s ]
INFO: [ view_parse ] --START--
INFO: [ template_filter ] --START--
INFO: Run Behavior\ContentReplaceBehavior [ RunTime:0.000202s ]
INFO: [ template_filter ] --END-- [ RunTime:0.000248s ]
INFO: Run Behavior\ParseTemplateBehavior [ RunTime:0.138272s ]
INFO: [ view_parse ] --END-- [ RunTime:0.138322s ]
INFO: [ view_filter ] --START--
INFO: Run Behavior\WriteHtmlCacheBehavior [ RunTime:0.006851s ]
INFO: [ view_filter ] --END-- [ RunTime:0.006897s ]
INFO: [ app_end ] --START--
INFO: Run Behavior\ShowPageTraceBehavior [ RunTime:0.009155s ]
INFO: [ app_end ] --END-- [ RunTime:0.009228s ]

[ 2016-11-16T20:54:41+08:00 ] ::1 /blog/index.php/Index/verify.html
INFO: [ app_init ] --START--
INFO: Run Behavior\BuildLiteBehavior [ RunTime:0.000018s ]
INFO: [ app_init ] --END-- [ RunTime:0.000469s ]
INFO: [ app_begin ] --START--
INFO: Run Behavior\ReadHtmlCacheBehavior [ RunTime:0.000324s ]
INFO: [ app_begin ] --END-- [ RunTime:0.000376s ]
INFO: [ app_end ] --START--
INFO: Run Behavior\ShowPageTraceBehavior [ RunTime:0.000589s ]
INFO: [ app_end ] --END-- [ RunTime:0.000675s ]

[ 2016-11-16T20:55:27+08:00 ] ::1 /blog/Home/User/login
INFO: [ app_init ] --START--
INFO: Run Behavior\BuildLiteBehavior [ RunTime:0.000020s ]
INFO: [ app_init ] --END-- [ RunTime:0.000508s ]
INFO: [ app_begin ] --START--
INFO: Run Behavior\ReadHtmlCacheBehavior [ RunTime:0.000290s ]
INFO: [ app_begin ] --END-- [ RunTime:0.000338s ]
SQL: DESCRIBE blog_user [ RunTime:0.013541s ]
SQL: SELECT `id`,`username`,`password`,`face` FROM `blog_user` WHERE ( `email` = 'lufei@163.com' ) LIMIT 1   [ RunTime:0.000283s ]
SQL: UPDATE `blog_user` SET `last_login`=1479300927,`last_ip`=0 WHERE ( `id` = '2' ) [ RunTime:0.062166s ]
INFO: [ app_end ] --START--
INFO: Run Behavior\ShowPageTraceBehavior [ RunTime:0.000435s ]
INFO: [ app_end ] --END-- [ RunTime:0.000468s ]

[ 2016-11-16T20:55:45+08:00 ] ::1 /blog/index.php/User/index.html
INFO: [ app_init ] --START--
INFO: Run Behavior\BuildLiteBehavior [ RunTime:0.000010s ]
INFO: [ app_init ] --END-- [ RunTime:0.000250s ]
INFO: [ app_begin ] --START--
INFO: Run Behavior\ReadHtmlCacheBehavior [ RunTime:0.000296s ]
INFO: [ app_begin ] --END-- [ RunTime:0.000345s ]
SQL: DESCRIBE blog_user [ RunTime:0.016724s ]
SQL: SELECT `id` FROM `blog_user` WHERE ( `username` = '蒙奇·D·路飞' ) LIMIT 1   [ RunTime:0.000263s ]
SQL: SELECT `id` FROM `blog_user` WHERE ( `username` = '蒙奇·D·路飞' ) LIMIT 1   [ RunTime:0.000186s ]
SQL: DESCRIBE blog_user [ RunTime:0.005106s ]
SQL: SELECT `create`,`last_login`,`last_ip` FROM `blog_user` WHERE ( `id` = 2 )  [ RunTime:0.000297s ]
SQL: SELECT `id` FROM `blog_user` WHERE ( `username` = '蒙奇·D·路飞' ) LIMIT 1   [ RunTime:0.000197s ]
SQL: SELECT `id` FROM `blog_user` WHERE ( `username` = '蒙奇·D·路飞' ) LIMIT 1   [ RunTime:0.000185s ]
SQL: DESCRIBE blog_user [ RunTime:0.004381s ]
SQL: SELECT `username`,`sex`,`nickname`,`team`,`location`,`organ` FROM `blog_user` WHERE ( `id` = 2 )  [ RunTime:0.000283s ]
NOTIC: [8] Undefined index: create G:\php\www\blog\Application\Home\Model\UserModel.class.php 第 131 行.
NOTIC: [8] Undefined index: last_login G:\php\www\blog\Application\Home\Model\UserModel.class.php 第 132 行.
INFO: [ view_parse ] --START--
INFO: [ template_filter ] --START--
INFO: Run Behavior\ContentReplaceBehavior [ RunTime:0.000139s ]
INFO: [ template_filter ] --END-- [ RunTime:0.000197s ]
INFO: Run Behavior\ParseTemplateBehavior [ RunTime:0.089026s ]
INFO: [ view_parse ] --END-- [ RunTime:0.089077s ]
INFO: [ view_filter ] --START--
INFO: Run Behavior\WriteHtmlCacheBehavior [ RunTime:0.000174s ]
INFO: [ view_filter ] --END-- [ RunTime:0.000204s ]
INFO: [ app_end ] --START--
INFO: Run Behavior\ShowPageTraceBehavior [ RunTime:0.000537s ]
INFO: [ app_end ] --END-- [ RunTime:0.000610s ]

[ 2016-11-16T20:56:00+08:00 ] ::1 /blog/Home/User/edit
INFO: [ app_init ] --START--
INFO: Run Behavior\BuildLiteBehavior [ RunTime:0.000009s ]
INFO: [ app_init ] --END-- [ RunTime:0.000239s ]
INFO: [ app_begin ] --START--
INFO: Run Behavior\ReadHtmlCacheBehavior [ RunTime:0.000331s ]
INFO: [ app_begin ] --END-- [ RunTime:0.000365s ]
SQL: DESCRIBE blog_user [ RunTime:0.018332s ]
SQL: UPDATE `blog_user` SET `username`='蒙奇·D·路飞',`sex`='男',`nickname`='草帽、草帽当家的',`team`='草帽一伙',`location`='东海',`organ`='我是要成为海贼王的男人!' WHERE ( `id` = 2 ) [ RunTime:0.072809s ]
INFO: [ app_end ] --START--
INFO: Run Behavior\ShowPageTraceBehavior [ RunTime:0.000429s ]
INFO: [ app_end ] --END-- [ RunTime:0.000461s ]

[ 2016-11-16T20:56:02+08:00 ] ::1 /blog/Home/User/edit
INFO: [ app_init ] --START--
INFO: Run Behavior\BuildLiteBehavior [ RunTime:0.000010s ]
INFO: [ app_init ] --END-- [ RunTime:0.000263s ]
INFO: [ app_begin ] --START--
INFO: Run Behavior\ReadHtmlCacheBehavior [ RunTime:0.000305s ]
INFO: [ app_begin ] --END-- [ RunTime:0.000341s ]
SQL: DESCRIBE blog_user [ RunTime:0.011163s ]
SQL: UPDATE `blog_user` SET `username`='蒙奇·D·路飞',`sex`='男',`nickname`='草帽、草帽当家的',`team`='草帽一伙',`location`='东海',`organ`='我是要成为海贼王的男人!' WHERE ( `id` = 2 ) [ RunTime:0.082364s ]
INFO: [ app_end ] --START--
INFO: Run Behavior\ShowPageTraceBehavior [ RunTime:0.000433s ]
INFO: [ app_end ] --END-- [ RunTime:0.000477s ]

[ 2016-11-16T20:56:05+08:00 ] ::1 /blog/index.php/User/index.html
INFO: [ app_init ] --START--
INFO: Run Behavior\BuildLiteBehavior [ RunTime:0.000013s ]
INFO: [ app_init ] --END-- [ RunTime:0.000487s ]
INFO: [ app_begin ] --START--
INFO: Run Behavior\ReadHtmlCacheBehavior [ RunTime:0.000314s ]
INFO: [ app_begin ] --END-- [ RunTime:0.000369s ]
SQL: DESCRIBE blog_user [ RunTime:0.016660s ]
SQL: SELECT `id` FROM `blog_user` WHERE ( `username` = '蒙奇·D·路飞' ) LIMIT 1   [ RunTime:0.000258s ]
SQL: SELECT `id` FROM `blog_user` WHERE ( `username` = '蒙奇·D·路飞' ) LIMIT 1   [ RunTime:0.000185s ]
SQL: DESCRIBE blog_user [ RunTime:0.005481s ]
SQL: SELECT `create`,`last_login`,`last_ip` FROM `blog_user` WHERE ( `id` = 2 )  [ RunTime:0.000234s ]
SQL: SELECT `id` FROM `blog_user` WHERE ( `username` = '蒙奇·D·路飞' ) LIMIT 1   [ RunTime:0.000159s ]
SQL: SELECT `id` FROM `blog_user` WHERE ( `username` = '蒙奇·D·路飞' ) LIMIT 1   [ RunTime:0.000143s ]
SQL: DESCRIBE blog_user [ RunTime:0.005160s ]
SQL: SELECT `username`,`sex`,`nickname`,`team`,`location`,`organ` FROM `blog_user` WHERE ( `id` = 2 )  [ RunTime:0.000246s ]
NOTIC: [8] Undefined index: create G:\php\www\blog\Application\Home\Model\UserModel.class.php 第 131 行.
NOTIC: [8] Undefined index: last_login G:\php\www\blog\Application\Home\Model\UserModel.class.php 第 132 行.
INFO: [ view_parse ] --START--
INFO: [ template_filter ] --START--
INFO: Run Behavior\ContentReplaceBehavior [ RunTime:0.000146s ]
INFO: [ template_filter ] --END-- [ RunTime:0.000195s ]
INFO: Run Behavior\ParseTemplateBehavior [ RunTime:0.069255s ]
INFO: [ view_parse ] --END-- [ RunTime:0.069303s ]
INFO: [ view_filter ] --START--
INFO: Run Behavior\WriteHtmlCacheBehavior [ RunTime:0.000153s ]
INFO: [ view_filter ] --END-- [ RunTime:0.000179s ]
INFO: [ app_end ] --START--
INFO: Run Behavior\ShowPageTraceBehavior [ RunTime:0.000384s ]
INFO: [ app_end ] --END-- [ RunTime:0.000436s ]

[ 2016-11-16T22:20:14+08:00 ] ::1 /blog/index.php/User/index.html
INFO: [ app_init ] --START--
INFO: Run Behavior\BuildLiteBehavior [ RunTime:0.000011s ]
INFO: [ app_init ] --END-- [ RunTime:0.000279s ]
INFO: [ app_begin ] --START--
INFO: Run Behavior\ReadHtmlCacheBehavior [ RunTime:0.000390s ]
INFO: [ app_begin ] --END-- [ RunTime:0.000438s ]
SQL: DESCRIBE blog_user [ RunTime:0.018791s ]
SQL: SELECT `id` FROM `blog_user` WHERE ( `username` = '蒙奇·D·路飞' ) LIMIT 1   [ RunTime:0.000351s ]
SQL: SELECT `id` FROM `blog_user` WHERE ( `username` = '蒙奇·D·路飞' ) LIMIT 1   [ RunTime:0.000262s ]
SQL: DESCRIBE blog_user [ RunTime:0.004921s ]
SQL: SELECT `create`,`last_login`,`last_ip` FROM `blog_user` WHERE ( `id` = 2 )  [ RunTime:0.000343s ]
SQL: SELECT `id` FROM `blog_user` WHERE ( `username` = '蒙奇·D·路飞' ) LIMIT 1   [ RunTime:0.000293s ]
SQL: SELECT `id` FROM `blog_user` WHERE ( `username` = '蒙奇·D·路飞' ) LIMIT 1   [ RunTime:0.000260s ]
SQL: DESCRIBE blog_user [ RunTime:0.005781s ]
SQL: SELECT `username`,`sex`,`nickname`,`team`,`location`,`organ` FROM `blog_user` WHERE ( `id` = 2 )  [ RunTime:0.000334s ]
NOTIC: [8] Undefined index: create G:\php\www\blog\Application\Home\Model\UserModel.class.php 第 131 行.
NOTIC: [8] Undefined index: last_login G:\php\www\blog\Application\Home\Model\UserModel.class.php 第 132 行.
INFO: [ view_parse ] --START--
INFO: [ template_filter ] --START--
INFO: Run Behavior\ContentReplaceBehavior [ RunTime:0.000144s ]
INFO: [ template_filter ] --END-- [ RunTime:0.000188s ]
INFO: Run Behavior\ParseTemplateBehavior [ RunTime:0.089452s ]
INFO: [ view_parse ] --END-- [ RunTime:0.089513s ]
INFO: [ view_filter ] --START--
INFO: Run Behavior\WriteHtmlCacheBehavior [ RunTime:0.000282s ]
INFO: [ view_filter ] --END-- [ RunTime:0.000318s ]
INFO: [ app_end ] --START--
INFO: Run Behavior\ShowPageTraceBehavior [ RunTime:0.000994s ]
INFO: [ app_end ] --END-- [ RunTime:0.001179s ]

