[ 2016-11-28T20:40:01+08:00 ] ::1 /blog/
INFO: [ app_init ] --START--
INFO: Run Behavior\BuildLiteBehavior [ RunTime:0.000016s ]
INFO: [ app_init ] --END-- [ RunTime:0.010399s ]
INFO: [ app_begin ] --START--
INFO: Run Behavior\ReadHtmlCacheBehavior [ RunTime:0.014296s ]
INFO: [ app_begin ] --END-- [ RunTime:0.014366s ]
INFO: [ view_parse ] --START--
INFO: [ template_filter ] --START--
INFO: Run Behavior\ContentReplaceBehavior [ RunTime:0.000154s ]
INFO: [ template_filter ] --END-- [ RunTime:0.000195s ]
INFO: Run Behavior\ParseTemplateBehavior [ RunTime:0.199732s ]
INFO: [ view_parse ] --END-- [ RunTime:0.199785s ]
INFO: [ view_filter ] --START--
INFO: Run Behavior\WriteHtmlCacheBehavior [ RunTime:0.008492s ]
INFO: [ view_filter ] --END-- [ RunTime:0.008535s ]
INFO: [ app_end ] --START--
INFO: Run Behavior\ShowPageTraceBehavior [ RunTime:0.021479s ]
INFO: [ app_end ] --END-- [ RunTime:0.021571s ]

[ 2016-11-28T20:40:01+08:00 ] ::1 /blog/index.php/Index/verify.html
INFO: [ app_init ] --START--
INFO: Run Behavior\BuildLiteBehavior [ RunTime:0.000010s ]
INFO: [ app_init ] --END-- [ RunTime:0.000297s ]
INFO: [ app_begin ] --START--
INFO: Run Behavior\ReadHtmlCacheBehavior [ RunTime:0.000542s ]
INFO: [ app_begin ] --END-- [ RunTime:0.000622s ]
INFO: [ app_end ] --START--
INFO: Run Behavior\ShowPageTraceBehavior [ RunTime:0.000451s ]
INFO: [ app_end ] --END-- [ RunTime:0.000503s ]

[ 2016-11-28T20:41:17+08:00 ] ::1 /blog/index.php/Experience/index.html
INFO: [ app_init ] --START--
INFO: Run Behavior\BuildLiteBehavior [ RunTime:0.000010s ]
INFO: [ app_init ] --END-- [ RunTime:0.000283s ]
INFO: [ app_begin ] --START--
INFO: Run Behavior\ReadHtmlCacheBehavior [ RunTime:0.000362s ]
INFO: [ app_begin ] --END-- [ RunTime:0.000406s ]

[ 2016-11-28T20:41:17+08:00 ] ::1 /blog/index.php/Index/index.html
INFO: [ app_init ] --START--
INFO: Run Behavior\BuildLiteBehavior [ RunTime:0.000008s ]
INFO: [ app_init ] --END-- [ RunTime:0.000222s ]
INFO: [ app_begin ] --START--
INFO: Run Behavior\ReadHtmlCacheBehavior [ RunTime:0.000314s ]
INFO: [ app_begin ] --END-- [ RunTime:0.000351s ]
INFO: [ view_parse ] --START--
INFO: [ template_filter ] --START--
INFO: Run Behavior\ContentReplaceBehavior [ RunTime:0.000175s ]
INFO: [ template_filter ] --END-- [ RunTime:0.000218s ]
INFO: Run Behavior\ParseTemplateBehavior [ RunTime:0.048086s ]
INFO: [ view_parse ] --END-- [ RunTime:0.048131s ]
INFO: [ view_filter ] --START--
INFO: Run Behavior\WriteHtmlCacheBehavior [ RunTime:0.000162s ]
INFO: [ view_filter ] --END-- [ RunTime:0.000188s ]
INFO: [ app_end ] --START--
INFO: Run Behavior\ShowPageTraceBehavior [ RunTime:0.000552s ]
INFO: [ app_end ] --END-- [ RunTime:0.000636s ]

[ 2016-11-28T20:41:17+08:00 ] ::1 /blog/index.php/Index/verify.html
INFO: [ app_init ] --START--
INFO: Run Behavior\BuildLiteBehavior [ RunTime:0.000011s ]
INFO: [ app_init ] --END-- [ RunTime:0.000270s ]
INFO: [ app_begin ] --START--
INFO: Run Behavior\ReadHtmlCacheBehavior [ RunTime:0.000371s ]
INFO: [ app_begin ] --END-- [ RunTime:0.000432s ]
INFO: [ app_end ] --START--
INFO: Run Behavior\ShowPageTraceBehavior [ RunTime:0.000538s ]
INFO: [ app_end ] --END-- [ RunTime:0.000614s ]

[ 2016-11-28T20:41:22+08:00 ] ::1 /blog/index.php/Index/index.html
INFO: [ app_init ] --START--
INFO: Run Behavior\BuildLiteBehavior [ RunTime:0.000010s ]
INFO: [ app_init ] --END-- [ RunTime:0.000232s ]
INFO: [ app_begin ] --START--
INFO: Run Behavior\ReadHtmlCacheBehavior [ RunTime:0.000364s ]
INFO: [ app_begin ] --END-- [ RunTime:0.000407s ]
INFO: [ view_parse ] --START--
INFO: [ template_filter ] --START--
INFO: Run Behavior\ContentReplaceBehavior [ RunTime:0.000174s ]
INFO: [ template_filter ] --END-- [ RunTime:0.000234s ]
INFO: Run Behavior\ParseTemplateBehavior [ RunTime:0.071902s ]
INFO: [ view_parse ] --END-- [ RunTime:0.071946s ]
INFO: [ view_filter ] --START--
INFO: Run Behavior\WriteHtmlCacheBehavior [ RunTime:0.000155s ]
INFO: [ view_filter ] --END-- [ RunTime:0.000182s ]
INFO: [ app_end ] --START--
INFO: Run Behavior\ShowPageTraceBehavior [ RunTime:0.001105s ]
INFO: [ app_end ] --END-- [ RunTime:0.001211s ]

[ 2016-11-28T20:41:22+08:00 ] ::1 /blog/index.php/Index/verify.html
INFO: [ app_init ] --START--
INFO: Run Behavior\BuildLiteBehavior [ RunTime:0.000011s ]
INFO: [ app_init ] --END-- [ RunTime:0.000253s ]
INFO: [ app_begin ] --START--
INFO: Run Behavior\ReadHtmlCacheBehavior [ RunTime:0.000379s ]
INFO: [ app_begin ] --END-- [ RunTime:0.000441s ]
INFO: [ app_end ] --START--
INFO: Run Behavior\ShowPageTraceBehavior [ RunTime:0.000776s ]
INFO: [ app_end ] --END-- [ RunTime:0.000911s ]

[ 2016-11-28T20:41:25+08:00 ] ::1 /blog/index.php/Experience/index.html
INFO: [ app_init ] --START--
INFO: Run Behavior\BuildLiteBehavior [ RunTime:0.000011s ]
INFO: [ app_init ] --END-- [ RunTime:0.000233s ]
INFO: [ app_begin ] --START--
INFO: Run Behavior\ReadHtmlCacheBehavior [ RunTime:0.000324s ]
INFO: [ app_begin ] --END-- [ RunTime:0.000368s ]

[ 2016-11-28T20:41:25+08:00 ] ::1 /blog/index.php/Index/index.html
INFO: [ app_init ] --START--
INFO: Run Behavior\BuildLiteBehavior [ RunTime:0.000010s ]
INFO: [ app_init ] --END-- [ RunTime:0.000245s ]
INFO: [ app_begin ] --START--
INFO: Run Behavior\ReadHtmlCacheBehavior [ RunTime:0.000343s ]
INFO: [ app_begin ] --END-- [ RunTime:0.000380s ]
INFO: [ view_parse ] --START--
INFO: [ template_filter ] --START--
INFO: Run Behavior\ContentReplaceBehavior [ RunTime:0.000183s ]
INFO: [ template_filter ] --END-- [ RunTime:0.000227s ]
INFO: Run Behavior\ParseTemplateBehavior [ RunTime:0.047788s ]
INFO: [ view_parse ] --END-- [ RunTime:0.047837s ]
INFO: [ view_filter ] --START--
INFO: Run Behavior\WriteHtmlCacheBehavior [ RunTime:0.000157s ]
INFO: [ view_filter ] --END-- [ RunTime:0.000184s ]
INFO: [ app_end ] --START--
INFO: Run Behavior\ShowPageTraceBehavior [ RunTime:0.000353s ]
INFO: [ app_end ] --END-- [ RunTime:0.000402s ]

[ 2016-11-28T20:41:25+08:00 ] ::1 /blog/index.php/Index/verify.html
INFO: [ app_init ] --START--
INFO: Run Behavior\BuildLiteBehavior [ RunTime:0.000020s ]
INFO: [ app_init ] --END-- [ RunTime:0.000443s ]
INFO: [ app_begin ] --START--
INFO: Run Behavior\ReadHtmlCacheBehavior [ RunTime:0.000725s ]
INFO: [ app_begin ] --END-- [ RunTime:0.000871s ]
INFO: [ app_end ] --START--
INFO: Run Behavior\ShowPageTraceBehavior [ RunTime:0.000665s ]
INFO: [ app_end ] --END-- [ RunTime:0.000758s ]

[ 2016-11-28T20:41:26+08:00 ] ::1 /blog/index.php/Index/index.html
INFO: [ app_init ] --START--
INFO: Run Behavior\BuildLiteBehavior [ RunTime:0.000012s ]
INFO: [ app_init ] --END-- [ RunTime:0.000251s ]
INFO: [ app_begin ] --START--
INFO: Run Behavior\ReadHtmlCacheBehavior [ RunTime:0.000353s ]
INFO: [ app_begin ] --END-- [ RunTime:0.000404s ]
INFO: [ view_parse ] --START--
INFO: [ template_filter ] --START--
INFO: Run Behavior\ContentReplaceBehavior [ RunTime:0.000183s ]
INFO: [ template_filter ] --END-- [ RunTime:0.000227s ]
INFO: Run Behavior\ParseTemplateBehavior [ RunTime:0.047901s ]
INFO: [ view_parse ] --END-- [ RunTime:0.047946s ]
INFO: [ view_filter ] --START--
INFO: Run Behavior\WriteHtmlCacheBehavior [ RunTime:0.000155s ]
INFO: [ view_filter ] --END-- [ RunTime:0.000182s ]
INFO: [ app_end ] --START--
INFO: Run Behavior\ShowPageTraceBehavior [ RunTime:0.000370s ]
INFO: [ app_end ] --END-- [ RunTime:0.000423s ]

[ 2016-11-28T20:41:27+08:00 ] ::1 /blog/index.php/Index/verify.html
INFO: [ app_init ] --START--
INFO: Run Behavior\BuildLiteBehavior [ RunTime:0.000016s ]
INFO: [ app_init ] --END-- [ RunTime:0.000384s ]
INFO: [ app_begin ] --START--
INFO: Run Behavior\ReadHtmlCacheBehavior [ RunTime:0.000516s ]
INFO: [ app_begin ] --END-- [ RunTime:0.000609s ]
INFO: [ app_end ] --START--
INFO: Run Behavior\ShowPageTraceBehavior [ RunTime:0.000438s ]
INFO: [ app_end ] --END-- [ RunTime:0.000499s ]

[ 2016-11-28T20:43:03+08:00 ] ::1 /blog/Home/User/login
INFO: [ app_init ] --START--
INFO: Run Behavior\BuildLiteBehavior [ RunTime:0.000010s ]
INFO: [ app_init ] --END-- [ RunTime:0.000298s ]
INFO: [ app_begin ] --START--
INFO: Run Behavior\ReadHtmlCacheBehavior [ RunTime:0.000398s ]
INFO: [ app_begin ] --END-- [ RunTime:0.000436s ]
SQL: DESCRIBE blog_user [ RunTime:0.013113s ]
SQL: SELECT `id`,`email`,`password`,`face` FROM `blog_user` WHERE ( `email` = 'suolong@163.com' ) LIMIT 1   [ RunTime:0.000494s ]
SQL: UPDATE `blog_user` SET `last_login`=1480336983,`last_ip`=0 WHERE ( `id` = '3' ) [ RunTime:0.060277s ]
INFO: [ app_end ] --START--
INFO: Run Behavior\ShowPageTraceBehavior [ RunTime:0.000506s ]
INFO: [ app_end ] --END-- [ RunTime:0.000539s ]

[ 2016-11-28T20:43:08+08:00 ] ::1 /blog/index.php/Experience/index.html
INFO: [ app_init ] --START--
INFO: Run Behavior\BuildLiteBehavior [ RunTime:0.000010s ]
INFO: [ app_init ] --END-- [ RunTime:0.000235s ]
INFO: [ app_begin ] --START--
INFO: Run Behavior\ReadHtmlCacheBehavior [ RunTime:0.000352s ]
INFO: [ app_begin ] --END-- [ RunTime:0.000398s ]
SQL: DESCRIBE blog_user [ RunTime:0.017406s ]
SQL: SELECT `id` FROM `blog_user` WHERE ( `email` = 'suolong@163.com' ) LIMIT 1   [ RunTime:0.000262s ]
SQL: SELECT `id` FROM `blog_user` WHERE ( `email` = 'suolong@163.com' ) LIMIT 1   [ RunTime:0.000188s ]
SQL: DESCRIBE blog_experience [ RunTime:0.009862s ]
SQL: SELECT `title`,`content` FROM `blog_experience` WHERE ( `uid` = 3 )  [ RunTime:0.000425s ]
INFO: [ view_parse ] --START--
INFO: [ template_filter ] --START--
INFO: Run Behavior\ContentReplaceBehavior [ RunTime:0.000143s ]
INFO: [ template_filter ] --END-- [ RunTime:0.000184s ]
NOTIC: [8] Undefined index: id G:\php\www\blog\Runtime\Cache\Home\54fd77cd9eb8cdcf3bbb178d2a793fac.php 第 110 行.
INFO: Run Behavior\ParseTemplateBehavior [ RunTime:0.112783s ]
INFO: [ view_parse ] --END-- [ RunTime:0.112843s ]
INFO: [ view_filter ] --START--
INFO: Run Behavior\WriteHtmlCacheBehavior [ RunTime:0.000219s ]
INFO: [ view_filter ] --END-- [ RunTime:0.000246s ]
INFO: [ app_end ] --START--
INFO: Run Behavior\ShowPageTraceBehavior [ RunTime:0.001169s ]
INFO: [ app_end ] --END-- [ RunTime:0.001308s ]

[ 2016-11-28T20:43:12+08:00 ] ::1 /blog/index.php/Index/index.html
INFO: [ app_init ] --START--
INFO: Run Behavior\BuildLiteBehavior [ RunTime:0.000011s ]
INFO: [ app_init ] --END-- [ RunTime:0.000238s ]
INFO: [ app_begin ] --START--
INFO: Run Behavior\ReadHtmlCacheBehavior [ RunTime:0.000337s ]
INFO: [ app_begin ] --END-- [ RunTime:0.000383s ]
INFO: [ view_parse ] --START--
INFO: [ template_filter ] --START--
INFO: Run Behavior\ContentReplaceBehavior [ RunTime:0.000162s ]
INFO: [ template_filter ] --END-- [ RunTime:0.000207s ]
INFO: Run Behavior\ParseTemplateBehavior [ RunTime:0.048558s ]
INFO: [ view_parse ] --END-- [ RunTime:0.048603s ]
INFO: [ view_filter ] --START--
INFO: Run Behavior\WriteHtmlCacheBehavior [ RunTime:0.000155s ]
INFO: [ view_filter ] --END-- [ RunTime:0.000181s ]
INFO: [ app_end ] --START--
INFO: Run Behavior\ShowPageTraceBehavior [ RunTime:0.000351s ]
INFO: [ app_end ] --END-- [ RunTime:0.000405s ]

[ 2016-11-28T20:43:13+08:00 ] ::1 /blog/index.php/Index/verify.html
INFO: [ app_init ] --START--
INFO: Run Behavior\BuildLiteBehavior [ RunTime:0.000012s ]
INFO: [ app_init ] --END-- [ RunTime:0.000267s ]
INFO: [ app_begin ] --START--
INFO: Run Behavior\ReadHtmlCacheBehavior [ RunTime:0.000370s ]
INFO: [ app_begin ] --END-- [ RunTime:0.000426s ]
INFO: [ app_end ] --START--
INFO: Run Behavior\ShowPageTraceBehavior [ RunTime:0.000429s ]
INFO: [ app_end ] --END-- [ RunTime:0.000487s ]

[ 2016-11-28T20:43:14+08:00 ] ::1 /blog/index.php/User/index.html
INFO: [ app_init ] --START--
INFO: Run Behavior\BuildLiteBehavior [ RunTime:0.000010s ]
INFO: [ app_init ] --END-- [ RunTime:0.000250s ]
INFO: [ app_begin ] --START--
INFO: Run Behavior\ReadHtmlCacheBehavior [ RunTime:0.000437s ]
INFO: [ app_begin ] --END-- [ RunTime:0.000483s ]
SQL: DESCRIBE blog_user [ RunTime:0.012338s ]
SQL: SELECT `id` FROM `blog_user` WHERE ( `email` = 'suolong@163.com' ) LIMIT 1   [ RunTime:0.000259s ]
SQL: SELECT `id` FROM `blog_user` WHERE ( `email` = 'suolong@163.com' ) LIMIT 1   [ RunTime:0.000193s ]
SQL: DESCRIBE blog_user [ RunTime:0.005368s ]
SQL: SELECT `create`,`last_login`,`last_ip` FROM `blog_user` WHERE ( `id` = 3 )  [ RunTime:0.000394s ]
SQL: SELECT `id` FROM `blog_user` WHERE ( `email` = 'suolong@163.com' ) LIMIT 1   [ RunTime:0.000206s ]
SQL: SELECT `id` FROM `blog_user` WHERE ( `email` = 'suolong@163.com' ) LIMIT 1   [ RunTime:0.000189s ]
SQL: DESCRIBE blog_user [ RunTime:0.004545s ]
SQL: SELECT `username`,`sex`,`nickname`,`team`,`location`,`organ` FROM `blog_user` WHERE ( `id` = 3 )  [ RunTime:0.000273s ]
NOTIC: [8] Undefined index: create G:\php\www\blog\Application\Home\Model\UserModel.class.php 第 176 行.
NOTIC: [8] Undefined index: last_login G:\php\www\blog\Application\Home\Model\UserModel.class.php 第 177 行.
SQL: SELECT `id` FROM `blog_user` WHERE ( `email` = 'suolong@163.com' ) LIMIT 1   [ RunTime:0.000198s ]
SQL: SELECT `id` FROM `blog_user` WHERE ( `email` = 'suolong@163.com' ) LIMIT 1   [ RunTime:0.000187s ]
SQL: SELECT `id`,`username` FROM `blog_user` WHERE ( `id` = 3 ) LIMIT 1   [ RunTime:0.000190s ]
SQL: DESCRIBE blog_experience [ RunTime:0.008169s ]
SQL: SELECT `title`,`id` FROM `blog_experience` WHERE ( 1=1 AND uid='3' )  [ RunTime:0.000282s ]
SQL: DESCRIBE blog_ability [ RunTime:0.009364s ]
SQL: SELECT `fruit` FROM `blog_ability` WHERE ( 1=1 AND uid='3' ) LIMIT 1   [ RunTime:0.000329s ]
SQL: DESCRIBE blog_skill [ RunTime:0.010329s ]
SQL: SELECT `skill`,`uid` FROM `blog_skill` WHERE ( 1=1 AND uid='3' )  [ RunTime:0.000358s ]
INFO: [ view_parse ] --START--
INFO: [ template_filter ] --START--
INFO: Run Behavior\ContentReplaceBehavior [ RunTime:0.000157s ]
INFO: [ template_filter ] --END-- [ RunTime:0.000197s ]
INFO: Run Behavior\ParseTemplateBehavior [ RunTime:0.132088s ]
INFO: [ view_parse ] --END-- [ RunTime:0.132136s ]
INFO: [ view_filter ] --START--
INFO: Run Behavior\WriteHtmlCacheBehavior [ RunTime:0.000157s ]
INFO: [ view_filter ] --END-- [ RunTime:0.000187s ]
INFO: [ app_end ] --START--
INFO: Run Behavior\ShowPageTraceBehavior [ RunTime:0.000334s ]
INFO: [ app_end ] --END-- [ RunTime:0.000463s ]

[ 2016-11-28T20:44:18+08:00 ] ::1 /blog/index.php/Experience/index.html
INFO: [ app_init ] --START--
INFO: Run Behavior\BuildLiteBehavior [ RunTime:0.000012s ]
INFO: [ app_init ] --END-- [ RunTime:0.000266s ]
INFO: [ app_begin ] --START--
INFO: Run Behavior\ReadHtmlCacheBehavior [ RunTime:0.000494s ]
INFO: [ app_begin ] --END-- [ RunTime:0.000599s ]
SQL: DESCRIBE blog_user [ RunTime:0.010822s ]
SQL: SELECT `id` FROM `blog_user` WHERE ( `email` = 'suolong@163.com' ) LIMIT 1   [ RunTime:0.000274s ]
SQL: SELECT `id` FROM `blog_user` WHERE ( `email` = 'suolong@163.com' ) LIMIT 1   [ RunTime:0.000187s ]
SQL: DESCRIBE blog_experience [ RunTime:0.007146s ]
SQL: SELECT `title`,`content` FROM `blog_experience` WHERE ( `uid` = 3 )  [ RunTime:0.000297s ]
INFO: [ view_parse ] --START--
INFO: [ template_filter ] --START--
INFO: Run Behavior\ContentReplaceBehavior [ RunTime:0.000146s ]
INFO: [ template_filter ] --END-- [ RunTime:0.000189s ]
NOTIC: [8] Undefined index: id G:\php\www\blog\Runtime\Cache\Home\54fd77cd9eb8cdcf3bbb178d2a793fac.php 第 110 行.
INFO: Run Behavior\ParseTemplateBehavior [ RunTime:0.067168s ]
INFO: [ view_parse ] --END-- [ RunTime:0.067211s ]
INFO: [ view_filter ] --START--
INFO: Run Behavior\WriteHtmlCacheBehavior [ RunTime:0.000155s ]
INFO: [ view_filter ] --END-- [ RunTime:0.000181s ]
INFO: [ app_end ] --START--
INFO: Run Behavior\ShowPageTraceBehavior [ RunTime:0.000528s ]
INFO: [ app_end ] --END-- [ RunTime:0.000599s ]

[ 2016-11-28T20:44:30+08:00 ] ::1 /blog/index.php/User/index/id/2.html
INFO: [ app_init ] --START--
INFO: Run Behavior\BuildLiteBehavior [ RunTime:0.000010s ]
INFO: [ app_init ] --END-- [ RunTime:0.000265s ]
INFO: [ app_begin ] --START--
INFO: Run Behavior\ReadHtmlCacheBehavior [ RunTime:0.000361s ]
INFO: [ app_begin ] --END-- [ RunTime:0.000405s ]
SQL: DESCRIBE blog_user [ RunTime:0.009880s ]
SQL: SELECT `id` FROM `blog_user` WHERE ( `email` = 'suolong@163.com' ) LIMIT 1   [ RunTime:0.000264s ]
SQL: SELECT `id` FROM `blog_user` WHERE ( `email` = 'suolong@163.com' ) LIMIT 1   [ RunTime:0.000187s ]
SQL: DESCRIBE blog_user [ RunTime:0.004691s ]
SQL: SELECT `create`,`last_login`,`last_ip` FROM `blog_user` WHERE ( `id` = 3 )  [ RunTime:0.000296s ]
SQL: SELECT `id` FROM `blog_user` WHERE ( `email` = 'suolong@163.com' ) LIMIT 1   [ RunTime:0.000201s ]
SQL: SELECT `id` FROM `blog_user` WHERE ( `email` = 'suolong@163.com' ) LIMIT 1   [ RunTime:0.000187s ]
SQL: DESCRIBE blog_user [ RunTime:0.004939s ]
SQL: SELECT `username`,`sex`,`nickname`,`team`,`location`,`organ` FROM `blog_user` WHERE ( `id` = 3 )  [ RunTime:0.000271s ]
NOTIC: [8] Undefined index: create G:\php\www\blog\Application\Home\Model\UserModel.class.php 第 176 行.
NOTIC: [8] Undefined index: last_login G:\php\www\blog\Application\Home\Model\UserModel.class.php 第 177 行.
SQL: SELECT `id` FROM `blog_user` WHERE ( `email` = 'suolong@163.com' ) LIMIT 1   [ RunTime:0.000178s ]
SQL: SELECT `id` FROM `blog_user` WHERE ( `email` = 'suolong@163.com' ) LIMIT 1   [ RunTime:0.000175s ]
SQL: SELECT `id`,`username` FROM `blog_user` WHERE ( `id` = 3 ) LIMIT 1   [ RunTime:0.000167s ]
SQL: DESCRIBE blog_experience [ RunTime:0.007091s ]
SQL: SELECT `title`,`id` FROM `blog_experience` WHERE ( 1=1 AND uid='3' )  [ RunTime:0.000284s ]
SQL: DESCRIBE blog_ability [ RunTime:0.008667s ]
SQL: SELECT `fruit` FROM `blog_ability` WHERE ( 1=1 AND uid='3' ) LIMIT 1   [ RunTime:0.000249s ]
SQL: DESCRIBE blog_skill [ RunTime:0.007994s ]
SQL: SELECT `skill`,`uid` FROM `blog_skill` WHERE ( 1=1 AND uid='3' )  [ RunTime:0.000282s ]
INFO: [ view_parse ] --START--
INFO: [ template_filter ] --START--
INFO: Run Behavior\ContentReplaceBehavior [ RunTime:0.000179s ]
INFO: [ template_filter ] --END-- [ RunTime:0.000222s ]
INFO: Run Behavior\ParseTemplateBehavior [ RunTime:0.113065s ]
INFO: [ view_parse ] --END-- [ RunTime:0.113113s ]
INFO: [ view_filter ] --START--
INFO: Run Behavior\WriteHtmlCacheBehavior [ RunTime:0.000152s ]
INFO: [ view_filter ] --END-- [ RunTime:0.000181s ]
INFO: [ app_end ] --START--
INFO: Run Behavior\ShowPageTraceBehavior [ RunTime:0.000738s ]
INFO: [ app_end ] --END-- [ RunTime:0.000945s ]

[ 2016-11-28T20:48:55+08:00 ] ::1 /blog/index.php/Experience/index.html
INFO: [ app_init ] --START--
INFO: Run Behavior\BuildLiteBehavior [ RunTime:0.000010s ]
INFO: [ app_init ] --END-- [ RunTime:0.000268s ]
INFO: [ app_begin ] --START--
INFO: Run Behavior\ReadHtmlCacheBehavior [ RunTime:0.000389s ]
INFO: [ app_begin ] --END-- [ RunTime:0.000437s ]
SQL: DESCRIBE blog_user [ RunTime:0.010681s ]
SQL: SELECT `id` FROM `blog_user` WHERE ( `email` = 'suolong@163.com' ) LIMIT 1   [ RunTime:0.000300s ]
SQL: SELECT `id` FROM `blog_user` WHERE ( `email` = 'suolong@163.com' ) LIMIT 1   [ RunTime:0.000196s ]
SQL: DESCRIBE blog_experience [ RunTime:0.006969s ]
SQL: SELECT `title`,`content` FROM `blog_experience` WHERE ( `uid` = 3 )  [ RunTime:0.000284s ]
INFO: [ view_parse ] --START--
INFO: [ template_filter ] --START--
INFO: Run Behavior\ContentReplaceBehavior [ RunTime:0.000110s ]
INFO: [ template_filter ] --END-- [ RunTime:0.000148s ]
NOTIC: [8] Undefined index: id G:\php\www\blog\Runtime\Cache\Home\54fd77cd9eb8cdcf3bbb178d2a793fac.php 第 110 行.
INFO: Run Behavior\ParseTemplateBehavior [ RunTime:0.068135s ]
INFO: [ view_parse ] --END-- [ RunTime:0.068188s ]
INFO: [ view_filter ] --START--
INFO: Run Behavior\WriteHtmlCacheBehavior [ RunTime:0.000219s ]
INFO: [ view_filter ] --END-- [ RunTime:0.000246s ]
INFO: [ app_end ] --START--
INFO: Run Behavior\ShowPageTraceBehavior [ RunTime:0.000664s ]
INFO: [ app_end ] --END-- [ RunTime:0.000739s ]

[ 2016-11-28T20:50:08+08:00 ] ::1 /blog/index.php/Index/index.html
INFO: [ app_init ] --START--
INFO: Run Behavior\BuildLiteBehavior [ RunTime:0.000011s ]
INFO: [ app_init ] --END-- [ RunTime:0.000242s ]
INFO: [ app_begin ] --START--
INFO: Run Behavior\ReadHtmlCacheBehavior [ RunTime:0.000328s ]
INFO: [ app_begin ] --END-- [ RunTime:0.000375s ]
INFO: [ view_parse ] --START--
INFO: [ template_filter ] --START--
INFO: Run Behavior\ContentReplaceBehavior [ RunTime:0.000158s ]
INFO: [ template_filter ] --END-- [ RunTime:0.000205s ]
INFO: Run Behavior\ParseTemplateBehavior [ RunTime:0.050260s ]
INFO: [ view_parse ] --END-- [ RunTime:0.050317s ]
INFO: [ view_filter ] --START--
INFO: Run Behavior\WriteHtmlCacheBehavior [ RunTime:0.000206s ]
INFO: [ view_filter ] --END-- [ RunTime:0.000233s ]
INFO: [ app_end ] --START--
INFO: Run Behavior\ShowPageTraceBehavior [ RunTime:0.000770s ]
INFO: [ app_end ] --END-- [ RunTime:0.000865s ]

[ 2016-11-28T20:50:08+08:00 ] ::1 /blog/index.php/Index/verify.html
INFO: [ app_init ] --START--
INFO: Run Behavior\BuildLiteBehavior [ RunTime:0.000017s ]
INFO: [ app_init ] --END-- [ RunTime:0.000432s ]
INFO: [ app_begin ] --START--
INFO: Run Behavior\ReadHtmlCacheBehavior [ RunTime:0.000547s ]
INFO: [ app_begin ] --END-- [ RunTime:0.000623s ]
INFO: [ app_end ] --START--
INFO: Run Behavior\ShowPageTraceBehavior [ RunTime:0.000412s ]
INFO: [ app_end ] --END-- [ RunTime:0.000468s ]

[ 2016-11-28T20:53:30+08:00 ] ::1 /blog/index.php/User/index.html
INFO: [ app_init ] --START--
INFO: Run Behavior\BuildLiteBehavior [ RunTime:0.000009s ]
INFO: [ app_init ] --END-- [ RunTime:0.000285s ]
INFO: [ app_begin ] --START--
INFO: Run Behavior\ReadHtmlCacheBehavior [ RunTime:0.000388s ]
INFO: [ app_begin ] --END-- [ RunTime:0.000433s ]
SQL: DESCRIBE blog_user [ RunTime:0.011631s ]
SQL: SELECT `id` FROM `blog_user` WHERE ( `email` = 'suolong@163.com' ) LIMIT 1   [ RunTime:0.000281s ]
SQL: SELECT `id` FROM `blog_user` WHERE ( `email` = 'suolong@163.com' ) LIMIT 1   [ RunTime:0.000189s ]
SQL: DESCRIBE blog_user [ RunTime:0.004320s ]
SQL: SELECT `create`,`last_login`,`last_ip` FROM `blog_user` WHERE ( `id` = 3 )  [ RunTime:0.000305s ]
SQL: SELECT `id` FROM `blog_user` WHERE ( `email` = 'suolong@163.com' ) LIMIT 1   [ RunTime:0.000198s ]
SQL: SELECT `id` FROM `blog_user` WHERE ( `email` = 'suolong@163.com' ) LIMIT 1   [ RunTime:0.000186s ]
SQL: DESCRIBE blog_user [ RunTime:0.005389s ]
SQL: SELECT `username`,`sex`,`nickname`,`team`,`location`,`organ` FROM `blog_user` WHERE ( `id` = 3 )  [ RunTime:0.000285s ]
NOTIC: [8] Undefined index: create G:\php\www\blog\Application\Home\Model\UserModel.class.php 第 176 行.
NOTIC: [8] Undefined index: last_login G:\php\www\blog\Application\Home\Model\UserModel.class.php 第 177 行.
SQL: SELECT `id` FROM `blog_user` WHERE ( `email` = 'suolong@163.com' ) LIMIT 1   [ RunTime:0.000221s ]
SQL: SELECT `id` FROM `blog_user` WHERE ( `email` = 'suolong@163.com' ) LIMIT 1   [ RunTime:0.000188s ]
SQL: SELECT `id`,`username` FROM `blog_user` WHERE ( `id` = 3 ) LIMIT 1   [ RunTime:0.000182s ]
SQL: DESCRIBE blog_experience [ RunTime:0.008072s ]
SQL: SELECT `title`,`id` FROM `blog_experience` WHERE ( 1=1 AND uid='3' )  [ RunTime:0.000298s ]
SQL: DESCRIBE blog_ability [ RunTime:0.007588s ]
SQL: SELECT `fruit` FROM `blog_ability` WHERE ( 1=1 AND uid='3' ) LIMIT 1   [ RunTime:0.000270s ]
SQL: DESCRIBE blog_skill [ RunTime:0.007146s ]
SQL: SELECT `skill`,`uid` FROM `blog_skill` WHERE ( 1=1 AND uid='3' )  [ RunTime:0.000293s ]
INFO: [ view_parse ] --START--
INFO: [ template_filter ] --START--
INFO: Run Behavior\ContentReplaceBehavior [ RunTime:0.000158s ]
INFO: [ template_filter ] --END-- [ RunTime:0.000200s ]
INFO: Run Behavior\ParseTemplateBehavior [ RunTime:0.108259s ]
INFO: [ view_parse ] --END-- [ RunTime:0.108310s ]
INFO: [ view_filter ] --START--
INFO: Run Behavior\WriteHtmlCacheBehavior [ RunTime:0.000235s ]
INFO: [ view_filter ] --END-- [ RunTime:0.000303s ]
INFO: [ app_end ] --START--
INFO: Run Behavior\ShowPageTraceBehavior [ RunTime:0.001018s ]
INFO: [ app_end ] --END-- [ RunTime:0.001121s ]

[ 2016-11-28T20:54:47+08:00 ] ::1 /blog/index.php/User/index/id/2.html
INFO: [ app_init ] --START--
INFO: Run Behavior\BuildLiteBehavior [ RunTime:0.000010s ]
INFO: [ app_init ] --END-- [ RunTime:0.000256s ]
INFO: [ app_begin ] --START--
INFO: Run Behavior\ReadHtmlCacheBehavior [ RunTime:0.000358s ]
INFO: [ app_begin ] --END-- [ RunTime:0.000402s ]
SQL: DESCRIBE blog_user [ RunTime:0.011514s ]
SQL: SELECT `id` FROM `blog_user` WHERE ( `email` = 'suolong@163.com' ) LIMIT 1   [ RunTime:0.000401s ]
SQL: SELECT `id` FROM `blog_user` WHERE ( `email` = 'suolong@163.com' ) LIMIT 1   [ RunTime:0.000212s ]
SQL: DESCRIBE blog_user [ RunTime:0.005583s ]
SQL: SELECT `create`,`last_login`,`last_ip` FROM `blog_user` WHERE ( `id` = 3 )  [ RunTime:0.000264s ]
SQL: SELECT `id` FROM `blog_user` WHERE ( `email` = 'suolong@163.com' ) LIMIT 1   [ RunTime:0.000197s ]
SQL: SELECT `id` FROM `blog_user` WHERE ( `email` = 'suolong@163.com' ) LIMIT 1   [ RunTime:0.000191s ]
SQL: DESCRIBE blog_user [ RunTime:0.005249s ]
SQL: SELECT `username`,`sex`,`nickname`,`team`,`location`,`organ` FROM `blog_user` WHERE ( `id` = 3 )  [ RunTime:0.000304s ]
NOTIC: [8] Undefined index: create G:\php\www\blog\Application\Home\Model\UserModel.class.php 第 176 行.
NOTIC: [8] Undefined index: last_login G:\php\www\blog\Application\Home\Model\UserModel.class.php 第 177 行.
SQL: SELECT `id` FROM `blog_user` WHERE ( `email` = 'suolong@163.com' ) LIMIT 1   [ RunTime:0.000178s ]
SQL: SELECT `id` FROM `blog_user` WHERE ( `email` = 'suolong@163.com' ) LIMIT 1   [ RunTime:0.000158s ]
SQL: SELECT `id`,`username` FROM `blog_user` WHERE ( `id` = 3 ) LIMIT 1   [ RunTime:0.000150s ]
SQL: DESCRIBE blog_experience [ RunTime:0.008343s ]
SQL: SELECT `title`,`id` FROM `blog_experience` WHERE ( 1=1 AND uid='3' )  [ RunTime:0.000285s ]
SQL: DESCRIBE blog_ability [ RunTime:0.007475s ]
SQL: SELECT `fruit` FROM `blog_ability` WHERE ( 1=1 AND uid='3' ) LIMIT 1   [ RunTime:0.000267s ]
SQL: DESCRIBE blog_skill [ RunTime:0.007954s ]
SQL: SELECT `skill`,`uid` FROM `blog_skill` WHERE ( 1=1 AND uid='3' )  [ RunTime:0.000282s ]
INFO: [ view_parse ] --START--
INFO: [ template_filter ] --START--
INFO: Run Behavior\ContentReplaceBehavior [ RunTime:0.000158s ]
INFO: [ template_filter ] --END-- [ RunTime:0.000200s ]
INFO: Run Behavior\ParseTemplateBehavior [ RunTime:0.108069s ]
INFO: [ view_parse ] --END-- [ RunTime:0.108123s ]
INFO: [ view_filter ] --START--
INFO: Run Behavior\WriteHtmlCacheBehavior [ RunTime:0.000174s ]
INFO: [ view_filter ] --END-- [ RunTime:0.000206s ]
INFO: [ app_end ] --START--
INFO: Run Behavior\ShowPageTraceBehavior [ RunTime:0.001299s ]
INFO: [ app_end ] --END-- [ RunTime:0.001407s ]

[ 2016-11-28T20:54:55+08:00 ] ::1 /blog/index.php/User/editExperience/id/27.html
INFO: [ app_init ] --START--
INFO: Run Behavior\BuildLiteBehavior [ RunTime:0.000011s ]
INFO: [ app_init ] --END-- [ RunTime:0.000256s ]
INFO: [ app_begin ] --START--
INFO: Run Behavior\ReadHtmlCacheBehavior [ RunTime:0.000356s ]
INFO: [ app_begin ] --END-- [ RunTime:0.000413s ]
SQL: DESCRIBE blog_experience [ RunTime:0.010405s ]
SQL: SELECT `id`,`title`,`content` FROM `blog_experience` WHERE ( `id` = 27 )  [ RunTime:0.000273s ]
INFO: [ view_parse ] --START--
INFO: [ template_filter ] --START--
INFO: Run Behavior\ContentReplaceBehavior [ RunTime:0.000112s ]
INFO: [ template_filter ] --END-- [ RunTime:0.000171s ]
INFO: Run Behavior\ParseTemplateBehavior [ RunTime:0.054904s ]
INFO: [ view_parse ] --END-- [ RunTime:0.054963s ]
INFO: [ view_filter ] --START--
INFO: Run Behavior\WriteHtmlCacheBehavior [ RunTime:0.000159s ]
INFO: [ view_filter ] --END-- [ RunTime:0.000186s ]
INFO: [ app_end ] --START--
INFO: Run Behavior\ShowPageTraceBehavior [ RunTime:0.000564s ]
INFO: [ app_end ] --END-- [ RunTime:0.000639s ]

[ 2016-11-28T20:55:13+08:00 ] ::1 /blog/index.php/User/editExperience/id/27.html
INFO: [ app_init ] --START--
INFO: Run Behavior\BuildLiteBehavior [ RunTime:0.000013s ]
INFO: [ app_init ] --END-- [ RunTime:0.000311s ]
INFO: [ app_begin ] --START--
INFO: Run Behavior\ReadHtmlCacheBehavior [ RunTime:0.000393s ]
INFO: [ app_begin ] --END-- [ RunTime:0.000437s ]
SQL: DESCRIBE blog_experience [ RunTime:0.032322s ]
SQL: SELECT `id`,`title`,`content` FROM `blog_experience` WHERE ( `id` = 27 )  [ RunTime:0.000310s ]
INFO: [ view_parse ] --START--
INFO: [ template_filter ] --START--
INFO: Run Behavior\ContentReplaceBehavior [ RunTime:0.000135s ]
INFO: [ template_filter ] --END-- [ RunTime:0.000182s ]
INFO: Run Behavior\ParseTemplateBehavior [ RunTime:0.051766s ]
INFO: [ view_parse ] --END-- [ RunTime:0.051821s ]
INFO: [ view_filter ] --START--
INFO: Run Behavior\WriteHtmlCacheBehavior [ RunTime:0.000214s ]
INFO: [ view_filter ] --END-- [ RunTime:0.000240s ]
INFO: [ app_end ] --START--
INFO: Run Behavior\ShowPageTraceBehavior [ RunTime:0.000667s ]
INFO: [ app_end ] --END-- [ RunTime:0.000743s ]

[ 2016-11-28T20:57:12+08:00 ] ::1 /blog/Home/User/editExperience2
INFO: [ app_init ] --START--
INFO: Run Behavior\BuildLiteBehavior [ RunTime:0.000015s ]
INFO: [ app_init ] --END-- [ RunTime:0.000416s ]
INFO: [ app_begin ] --START--
INFO: Run Behavior\ReadHtmlCacheBehavior [ RunTime:0.000362s ]
INFO: [ app_begin ] --END-- [ RunTime:0.000398s ]
SQL: DESCRIBE blog_experience [ RunTime:0.010834s ]
SQL: UPDATE `blog_experience` SET `title`='东海',`content`='&lt;p&gt;索隆出海后，以捕捉通缉犯赚取奖金为生（因为路痴迷路了，回不了村子，又找不到&lt;a href=&quot;http://baike.baidu.com/subview/25021/12502244.htm&quot; target=&quot;_blank&quot;&gt;鹰眼&lt;/a&gt;，所以抓悬赏犯赚取生活费），因而获得&amp;ldquo;海贼猎人索隆&amp;rdquo;（海贼狩りのゾロ）的称号。这段期间，索隆曾被&lt;a href=&quot;http://baike.baidu.com/view/247650.htm&quot; target=&quot;_blank&quot;&gt;巴洛克工作社&lt;/a&gt;的原&lt;a href=&quot;http://baike.baidu.com/view/700631.htm&quot; target=&quot;_blank&quot;&gt;Mr.7&lt;/a&gt;邀请加入，不过他要求只要由他取代克洛克达尔的社长座位就愿意加入，这造成巴洛克工作社的反对，干掉了Mr.7。有一次，为了支付铁匠修剑的钱，而去打倒悬赏1千万贝里的山鲸迪克，同时约瑟夫和强尼两个赏金猎人对他甘拜下风，决定跟随索隆。&lt;/p&gt;

&lt;p&gt;后来为了拯救女孩莉嘉而将海军的&lt;a href=&quot;http://baike.baidu.com/view/4775464.htm&quot; target=&quot;_blank&quot;&gt;蒙卡&lt;/a&gt;大佐的儿子&lt;a href=&quot;http://baike.baidu.com/view/734698.htm&quot; target=&quot;_blank&quot;&gt;贝鲁梅伯&lt;/a&gt;饲养的狼杀死，因此被海军拘捕，绑在海军基地的刑场上，不给食物和水。原先贝鲁梅伯答应只要索隆能活足一个月，就会释放他。但这是贝鲁梅伯的戏言，其实打算要公开处决他。路飞知道后决定帮助索隆，并让索隆成为他的伙伴。起初索隆拒绝&lt;a href=&quot;http://baike.baidu.com/subview/74486/16855373.htm&quot; target=&quot;_blank&quot;&gt;路飞&lt;/a&gt;，说不要成为一位海贼，但在克比的口中得知贝鲁梅伯要处决他后，为了实现与古伊娜的约定，决定成为路飞的伙伴。&lt;/p&gt;

&lt;p&gt;再也不会输了&lt;/p&gt;

&lt;p&gt;成为路飞的伙伴后，在前往&lt;a href=&quot;http://baike.baidu.com/view/733006.htm&quot; target=&quot;_blank&quot;&gt;伟大航道&lt;/a&gt;的旅途上，在&lt;a href=&quot;http://baike.baidu.com/view/2595433.htm&quot; target=&quot;_blank&quot;&gt;海上餐厅巴拉蒂&lt;/a&gt;遇上了现今的世界第一剑豪、&lt;a href=&quot;http://baike.baidu.com/view/108642.htm&quot; target=&quot;_blank&quot;&gt;王下七武海&lt;/a&gt;之一的鹰眼&lt;a href=&quot;http://baike.baidu.com/view/2280030.htm&quot; target=&quot;_blank&quot;&gt;乔拉可尔&amp;middot;米霍克&lt;/a&gt;。索隆向米霍克提出了挑战，但他的三刀流却敌不过只以十字架短剑应战的米霍克。即使被米霍克以短剑刺中心脏仍不退缩，被问及为何不后退？索隆回答道：&amp;ldquo;呵&amp;hellip;&amp;hellip;谁知道呢&amp;hellip;&amp;hellip;感觉只要我后退了一步&amp;hellip;&amp;hellip;很多重要的誓言和事情都会被破坏，好像再也不能回到这里了。&amp;rdquo;认为如果失败，还是死了痛快。因此受到米霍克的赏识，以剑士的礼仪，用世界最强黑刀击败他。索隆终究敌不过米霍克，身受重伤，除和道一文字以外的另外两把配刀亦被斩断。索隆在古伊娜逝世后初尝败绩，于此战中体会到能力的差异，同时向路飞发誓在击败米霍克成为世界第一剑士前绝对不会再输给任何一个剑士。&lt;/p&gt;

&lt;p&gt;在罗格镇，遇上了和&lt;a href=&quot;http://baike.baidu.com/view/2336149.htm&quot; target=&quot;_blank&quot;&gt;古伊娜&lt;/a&gt;长得一模一样、同是用剑，隶属海军总部的&lt;a href=&quot;http://baike.baidu.com/view/734696.htm&quot; target=&quot;_blank&quot;&gt;达斯琪&lt;/a&gt;上士。并在当地的武器店，以自身的气魄抑制了妖刀&amp;ldquo;&lt;a href=&quot;http://baike.baidu.com/view/1246609.htm&quot; target=&quot;_blank&quot;&gt;三代鬼彻&lt;/a&gt;&amp;rdquo;的妖气，受到武器店老板的敬佩，后将传家宝快刀&amp;ldquo;&lt;a href=&quot;http://baike.baidu.com/view/1257112.htm&quot; target=&quot;_blank&quot;&gt;雪走&lt;/a&gt;&amp;rdquo;和三代鬼彻一并赠送于索隆。&lt;/p&gt;
' WHERE ( `id` = 27 ) [ RunTime:0.165007s ]
INFO: [ app_end ] --START--
INFO: Run Behavior\ShowPageTraceBehavior [ RunTime:0.000499s ]
INFO: [ app_end ] --END-- [ RunTime:0.000531s ]

[ 2016-11-28T20:57:20+08:00 ] ::1 /blog/index.php/Experience/index.html
INFO: [ app_init ] --START--
INFO: Run Behavior\BuildLiteBehavior [ RunTime:0.000011s ]
INFO: [ app_init ] --END-- [ RunTime:0.000257s ]
INFO: [ app_begin ] --START--
INFO: Run Behavior\ReadHtmlCacheBehavior [ RunTime:0.000303s ]
INFO: [ app_begin ] --END-- [ RunTime:0.000364s ]
SQL: DESCRIBE blog_user [ RunTime:0.010650s ]
SQL: SELECT `id` FROM `blog_user` WHERE ( `email` = 'suolong@163.com' ) LIMIT 1   [ RunTime:0.000274s ]
SQL: SELECT `id` FROM `blog_user` WHERE ( `email` = 'suolong@163.com' ) LIMIT 1   [ RunTime:0.000205s ]
SQL: DESCRIBE blog_experience [ RunTime:0.007343s ]
SQL: SELECT `title`,`content` FROM `blog_experience` WHERE ( `uid` = 3 )  [ RunTime:0.000382s ]
INFO: [ view_parse ] --START--
INFO: [ template_filter ] --START--
INFO: Run Behavior\ContentReplaceBehavior [ RunTime:0.000110s ]
INFO: [ template_filter ] --END-- [ RunTime:0.000148s ]
NOTIC: [8] Undefined index: id G:\php\www\blog\Runtime\Cache\Home\54fd77cd9eb8cdcf3bbb178d2a793fac.php 第 110 行.
INFO: Run Behavior\ParseTemplateBehavior [ RunTime:0.070003s ]
INFO: [ view_parse ] --END-- [ RunTime:0.070045s ]
INFO: [ view_filter ] --START--
INFO: Run Behavior\WriteHtmlCacheBehavior [ RunTime:0.000216s ]
INFO: [ view_filter ] --END-- [ RunTime:0.000243s ]
INFO: [ app_end ] --START--
INFO: Run Behavior\ShowPageTraceBehavior [ RunTime:0.000550s ]
INFO: [ app_end ] --END-- [ RunTime:0.000624s ]

[ 2016-11-28T20:57:27+08:00 ] ::1 /blog/index.php/User/index/id/2.html
INFO: [ app_init ] --START--
INFO: Run Behavior\BuildLiteBehavior [ RunTime:0.000010s ]
INFO: [ app_init ] --END-- [ RunTime:0.000236s ]
INFO: [ app_begin ] --START--
INFO: Run Behavior\ReadHtmlCacheBehavior [ RunTime:0.000296s ]
INFO: [ app_begin ] --END-- [ RunTime:0.000344s ]
SQL: DESCRIBE blog_user [ RunTime:0.016802s ]
SQL: SELECT `id` FROM `blog_user` WHERE ( `email` = 'suolong@163.com' ) LIMIT 1   [ RunTime:0.000263s ]
SQL: SELECT `id` FROM `blog_user` WHERE ( `email` = 'suolong@163.com' ) LIMIT 1   [ RunTime:0.000194s ]
SQL: DESCRIBE blog_user [ RunTime:0.005830s ]
SQL: SELECT `create`,`last_login`,`last_ip` FROM `blog_user` WHERE ( `id` = 3 )  [ RunTime:0.000265s ]
SQL: SELECT `id` FROM `blog_user` WHERE ( `email` = 'suolong@163.com' ) LIMIT 1   [ RunTime:0.000222s ]
SQL: SELECT `id` FROM `blog_user` WHERE ( `email` = 'suolong@163.com' ) LIMIT 1   [ RunTime:0.000186s ]
SQL: DESCRIBE blog_user [ RunTime:0.004678s ]
SQL: SELECT `username`,`sex`,`nickname`,`team`,`location`,`organ` FROM `blog_user` WHERE ( `id` = 3 )  [ RunTime:0.000290s ]
NOTIC: [8] Undefined index: create G:\php\www\blog\Application\Home\Model\UserModel.class.php 第 176 行.
NOTIC: [8] Undefined index: last_login G:\php\www\blog\Application\Home\Model\UserModel.class.php 第 177 行.
SQL: SELECT `id` FROM `blog_user` WHERE ( `email` = 'suolong@163.com' ) LIMIT 1   [ RunTime:0.000216s ]
SQL: SELECT `id` FROM `blog_user` WHERE ( `email` = 'suolong@163.com' ) LIMIT 1   [ RunTime:0.000190s ]
SQL: SELECT `id`,`username` FROM `blog_user` WHERE ( `id` = 3 ) LIMIT 1   [ RunTime:0.000190s ]
SQL: DESCRIBE blog_experience [ RunTime:0.009257s ]
SQL: SELECT `title`,`id` FROM `blog_experience` WHERE ( 1=1 AND uid='3' )  [ RunTime:0.000321s ]
SQL: DESCRIBE blog_ability [ RunTime:0.006921s ]
SQL: SELECT `fruit` FROM `blog_ability` WHERE ( 1=1 AND uid='3' ) LIMIT 1   [ RunTime:0.000266s ]
SQL: DESCRIBE blog_skill [ RunTime:0.007522s ]
SQL: SELECT `skill`,`uid` FROM `blog_skill` WHERE ( 1=1 AND uid='3' )  [ RunTime:0.000272s ]
INFO: [ view_parse ] --START--
INFO: [ template_filter ] --START--
INFO: Run Behavior\ContentReplaceBehavior [ RunTime:0.000156s ]
INFO: [ template_filter ] --END-- [ RunTime:0.000194s ]
INFO: Run Behavior\ParseTemplateBehavior [ RunTime:0.111520s ]
INFO: [ view_parse ] --END-- [ RunTime:0.111569s ]
INFO: [ view_filter ] --START--
INFO: Run Behavior\WriteHtmlCacheBehavior [ RunTime:0.000155s ]
INFO: [ view_filter ] --END-- [ RunTime:0.000186s ]
INFO: [ app_end ] --START--
INFO: Run Behavior\ShowPageTraceBehavior [ RunTime:0.000650s ]
INFO: [ app_end ] --END-- [ RunTime:0.000797s ]

[ 2016-11-28T21:05:34+08:00 ] ::1 /blog/index.php/User/index/id/2.html
INFO: [ app_init ] --START--
INFO: Run Behavior\BuildLiteBehavior [ RunTime:0.000010s ]
INFO: [ app_init ] --END-- [ RunTime:0.000265s ]
INFO: [ app_begin ] --START--
INFO: Run Behavior\ReadHtmlCacheBehavior [ RunTime:0.000367s ]
INFO: [ app_begin ] --END-- [ RunTime:0.000412s ]
SQL: DESCRIBE blog_user [ RunTime:0.010897s ]
SQL: SELECT `id` FROM `blog_user` WHERE ( `email` = 'suolong@163.com' ) LIMIT 1   [ RunTime:0.000284s ]
SQL: SELECT `id` FROM `blog_user` WHERE ( `email` = 'suolong@163.com' ) LIMIT 1   [ RunTime:0.000189s ]
SQL: DESCRIBE blog_user [ RunTime:0.005492s ]
SQL: SELECT `create`,`last_login`,`last_ip` FROM `blog_user` WHERE ( `id` = 3 )  [ RunTime:0.000253s ]
SQL: SELECT `id` FROM `blog_user` WHERE ( `email` = 'suolong@163.com' ) LIMIT 1   [ RunTime:0.000201s ]
SQL: SELECT `id` FROM `blog_user` WHERE ( `email` = 'suolong@163.com' ) LIMIT 1   [ RunTime:0.000185s ]
SQL: DESCRIBE blog_user [ RunTime:0.005327s ]
SQL: SELECT `username`,`sex`,`nickname`,`team`,`location`,`organ` FROM `blog_user` WHERE ( `id` = 3 )  [ RunTime:0.000271s ]
NOTIC: [8] Undefined index: create G:\php\www\blog\Application\Home\Model\UserModel.class.php 第 176 行.
NOTIC: [8] Undefined index: last_login G:\php\www\blog\Application\Home\Model\UserModel.class.php 第 177 行.
SQL: SELECT `id` FROM `blog_user` WHERE ( `email` = 'suolong@163.com' ) LIMIT 1   [ RunTime:0.000191s ]
SQL: SELECT `id` FROM `blog_user` WHERE ( `email` = 'suolong@163.com' ) LIMIT 1   [ RunTime:0.000171s ]
SQL: SELECT `id`,`username` FROM `blog_user` WHERE ( `id` = 3 ) LIMIT 1   [ RunTime:0.000170s ]
SQL: DESCRIBE blog_experience [ RunTime:0.008273s ]
SQL: SELECT `title`,`id` FROM `blog_experience` WHERE ( 1=1 AND uid='3' )  [ RunTime:0.000300s ]
SQL: DESCRIBE blog_ability [ RunTime:0.008028s ]
SQL: SELECT `fruit` FROM `blog_ability` WHERE ( 1=1 AND uid='3' ) LIMIT 1   [ RunTime:0.000262s ]
SQL: DESCRIBE blog_skill [ RunTime:0.007354s ]
SQL: SELECT `skill`,`uid` FROM `blog_skill` WHERE ( 1=1 AND uid='3' )  [ RunTime:0.000276s ]
INFO: [ view_parse ] --START--
INFO: [ template_filter ] --START--
INFO: Run Behavior\ContentReplaceBehavior [ RunTime:0.000187s ]
INFO: [ template_filter ] --END-- [ RunTime:0.000225s ]
INFO: Run Behavior\ParseTemplateBehavior [ RunTime:0.109829s ]
INFO: [ view_parse ] --END-- [ RunTime:0.109878s ]
INFO: [ view_filter ] --START--
INFO: Run Behavior\WriteHtmlCacheBehavior [ RunTime:0.000218s ]
INFO: [ view_filter ] --END-- [ RunTime:0.000249s ]
INFO: [ app_end ] --START--
INFO: Run Behavior\ShowPageTraceBehavior [ RunTime:0.001053s ]
INFO: [ app_end ] --END-- [ RunTime:0.001136s ]

